{"/home/johngamboa/Classes/cse112/team2/app.js":{"path":"/home/johngamboa/Classes/cse112/team2/app.js","statementMap":{"0":{"start":{"line":1,"column":14},"end":{"line":1,"column":32}},"1":{"start":{"line":2,"column":14},"end":{"line":2,"column":40}},"2":{"start":{"line":3,"column":19},"end":{"line":3,"column":43}},"3":{"start":{"line":4,"column":14},"end":{"line":4,"column":38}},"4":{"start":{"line":5,"column":12},"end":{"line":5,"column":36}},"5":{"start":{"line":6,"column":11},"end":{"line":6,"column":26}},"6":{"start":{"line":7,"column":13},"end":{"line":7,"column":30}},"7":{"start":{"line":8,"column":17},"end":{"line":8,"column":39}},"8":{"start":{"line":9,"column":13},"end":{"line":9,"column":30}},"9":{"start":{"line":10,"column":15},"end":{"line":10,"column":34}},"10":{"start":{"line":11,"column":12},"end":{"line":11,"column":28}},"11":{"start":{"line":12,"column":13},"end":{"line":12,"column":43}},"12":{"start":{"line":15,"column":11},"end":{"line":15,"column":26}},"13":{"start":{"line":17,"column":10},"end":{"line":17,"column":19}},"14":{"start":{"line":18,"column":0},"end":{"line":18,"column":32}},"15":{"start":{"line":20,"column":0},"end":{"line":20,"column":32}},"16":{"start":{"line":22,"column":15},"end":{"line":22,"column":75}},"17":{"start":{"line":23,"column":0},"end":{"line":23,"column":45}},"18":{"start":{"line":24,"column":9},"end":{"line":24,"column":23}},"19":{"start":{"line":27,"column":17},"end":{"line":27,"column":37}},"20":{"start":{"line":28,"column":15},"end":{"line":28,"column":34}},"21":{"start":{"line":32,"column":0},"end":{"line":34,"column":3}},"22":{"start":{"line":33,"column":2},"end":{"line":33,"column":23}},"23":{"start":{"line":37,"column":0},"end":{"line":45,"column":3}},"24":{"start":{"line":38,"column":2},"end":{"line":44,"column":5}},"25":{"start":{"line":39,"column":4},"end":{"line":39,"column":24}},"26":{"start":{"line":39,"column":13},"end":{"line":39,"column":23}},"27":{"start":{"line":41,"column":4},"end":{"line":43,"column":5}},"28":{"start":{"line":42,"column":6},"end":{"line":42,"column":22}},"29":{"start":{"line":47,"column":0},"end":{"line":47,"column":39}},"30":{"start":{"line":49,"column":21},"end":{"line":49,"column":66}},"31":{"start":{"line":52,"column":0},"end":{"line":52,"column":48}},"32":{"start":{"line":53,"column":0},"end":{"line":53,"column":58}},"33":{"start":{"line":54,"column":0},"end":{"line":54,"column":37}},"34":{"start":{"line":59,"column":0},"end":{"line":59,"column":23}},"35":{"start":{"line":60,"column":0},"end":{"line":60,"column":24}},"36":{"start":{"line":61,"column":0},"end":{"line":61,"column":27}},"37":{"start":{"line":62,"column":0},"end":{"line":62,"column":50}},"38":{"start":{"line":63,"column":0},"end":{"line":63,"column":73}},"39":{"start":{"line":65,"column":0},"end":{"line":81,"column":4}},"40":{"start":{"line":68,"column":4},"end":{"line":68,"column":31}},"41":{"start":{"line":69,"column":4},"end":{"line":73,"column":5}},"42":{"start":{"line":70,"column":6},"end":{"line":70,"column":19}},"43":{"start":{"line":72,"column":6},"end":{"line":72,"column":55}},"44":{"start":{"line":76,"column":4},"end":{"line":76,"column":68}},"45":{"start":{"line":79,"column":4},"end":{"line":79,"column":63}},"46":{"start":{"line":83,"column":0},"end":{"line":83,"column":56}},"47":{"start":{"line":84,"column":0},"end":{"line":84,"column":56}},"48":{"start":{"line":92,"column":0},"end":{"line":92,"column":47}},"49":{"start":{"line":93,"column":0},"end":{"line":93,"column":17}},"50":{"start":{"line":94,"column":0},"end":{"line":94,"column":31}},"51":{"start":{"line":95,"column":0},"end":{"line":95,"column":28}},"52":{"start":{"line":98,"column":0},"end":{"line":103,"column":3}},"53":{"start":{"line":99,"column":2},"end":{"line":99,"column":14}},"54":{"start":{"line":100,"column":2},"end":{"line":100,"column":26}},"55":{"start":{"line":101,"column":2},"end":{"line":101,"column":16}},"56":{"start":{"line":102,"column":2},"end":{"line":102,"column":9}},"57":{"start":{"line":105,"column":0},"end":{"line":111,"column":3}},"58":{"start":{"line":106,"column":2},"end":{"line":106,"column":68}},"59":{"start":{"line":107,"column":2},"end":{"line":107,"column":68}},"60":{"start":{"line":108,"column":2},"end":{"line":108,"column":61}},"61":{"start":{"line":110,"column":2},"end":{"line":110,"column":9}},"62":{"start":{"line":114,"column":0},"end":{"line":114,"column":55}},"63":{"start":{"line":115,"column":0},"end":{"line":115,"column":29}},"64":{"start":{"line":117,"column":0},"end":{"line":117,"column":65}},"65":{"start":{"line":120,"column":0},"end":{"line":124,"column":3}},"66":{"start":{"line":121,"column":12},"end":{"line":121,"column":84}},"67":{"start":{"line":122,"column":2},"end":{"line":122,"column":19}},"68":{"start":{"line":123,"column":2},"end":{"line":123,"column":12}},"69":{"start":{"line":130,"column":0},"end":{"line":140,"column":1}},"70":{"start":{"line":131,"column":2},"end":{"line":139,"column":5}},"71":{"start":{"line":132,"column":4},"end":{"line":132,"column":23}},"72":{"start":{"line":133,"column":4},"end":{"line":133,"column":29}},"73":{"start":{"line":134,"column":4},"end":{"line":134,"column":34}},"74":{"start":{"line":135,"column":4},"end":{"line":138,"column":7}},"75":{"start":{"line":144,"column":0},"end":{"line":152,"column":3}},"76":{"start":{"line":145,"column":2},"end":{"line":145,"column":32}},"77":{"start":{"line":146,"column":2},"end":{"line":146,"column":21}},"78":{"start":{"line":147,"column":2},"end":{"line":147,"column":27}},"79":{"start":{"line":148,"column":2},"end":{"line":151,"column":5}},"80":{"start":{"line":154,"column":0},"end":{"line":154,"column":31}}},"fnMap":{"0":{"name":"(anonymous_0)","decl":{"start":{"line":32,"column":23},"end":{"line":32,"column":24}},"loc":{"start":{"line":32,"column":44},"end":{"line":34,"column":1}},"line":32},"1":{"name":"(anonymous_1)","decl":{"start":{"line":37,"column":25},"end":{"line":37,"column":26}},"loc":{"start":{"line":37,"column":45},"end":{"line":45,"column":1}},"line":37},"2":{"name":"(anonymous_2)","decl":{"start":{"line":38,"column":27},"end":{"line":38,"column":28}},"loc":{"start":{"line":38,"column":47},"end":{"line":44,"column":3}},"line":38},"3":{"name":"(anonymous_3)","decl":{"start":{"line":67,"column":21},"end":{"line":67,"column":22}},"loc":{"start":{"line":67,"column":37},"end":{"line":74,"column":3}},"line":67},"4":{"name":"(anonymous_4)","decl":{"start":{"line":75,"column":20},"end":{"line":75,"column":21}},"loc":{"start":{"line":75,"column":42},"end":{"line":77,"column":3}},"line":75},"5":{"name":"(anonymous_5)","decl":{"start":{"line":78,"column":24},"end":{"line":78,"column":25}},"loc":{"start":{"line":78,"column":40},"end":{"line":80,"column":3}},"line":78},"6":{"name":"(anonymous_6)","decl":{"start":{"line":98,"column":8},"end":{"line":98,"column":9}},"loc":{"start":{"line":98,"column":34},"end":{"line":103,"column":1}},"line":98},"7":{"name":"(anonymous_7)","decl":{"start":{"line":105,"column":8},"end":{"line":105,"column":9}},"loc":{"start":{"line":105,"column":33},"end":{"line":111,"column":1}},"line":105},"8":{"name":"(anonymous_8)","decl":{"start":{"line":120,"column":8},"end":{"line":120,"column":9}},"loc":{"start":{"line":120,"column":34},"end":{"line":124,"column":1}},"line":120},"9":{"name":"(anonymous_9)","decl":{"start":{"line":131,"column":10},"end":{"line":131,"column":11}},"loc":{"start":{"line":131,"column":35},"end":{"line":139,"column":3}},"line":131},"10":{"name":"(anonymous_10)","decl":{"start":{"line":144,"column":8},"end":{"line":144,"column":9}},"loc":{"start":{"line":144,"column":33},"end":{"line":152,"column":1}},"line":144}},"branchMap":{"0":{"loc":{"start":{"line":22,"column":15},"end":{"line":22,"column":75}},"type":"binary-expr","locations":[{"start":{"line":22,"column":15},"end":{"line":22,"column":38}},{"start":{"line":22,"column":42},"end":{"line":22,"column":75}}],"line":22},"1":{"loc":{"start":{"line":39,"column":4},"end":{"line":39,"column":24}},"type":"if","locations":[{"start":{"line":39,"column":4},"end":{"line":39,"column":24}},{"start":{"line":39,"column":4},"end":{"line":39,"column":24}}],"line":39},"2":{"loc":{"start":{"line":41,"column":4},"end":{"line":43,"column":5}},"type":"if","locations":[{"start":{"line":41,"column":4},"end":{"line":43,"column":5}},{"start":{"line":41,"column":4},"end":{"line":43,"column":5}}],"line":41},"3":{"loc":{"start":{"line":69,"column":4},"end":{"line":73,"column":5}},"type":"if","locations":[{"start":{"line":69,"column":4},"end":{"line":73,"column":5}},{"start":{"line":69,"column":4},"end":{"line":73,"column":5}}],"line":69},"4":{"loc":{"start":{"line":69,"column":8},"end":{"line":69,"column":104}},"type":"binary-expr","locations":[{"start":{"line":69,"column":8},"end":{"line":69,"column":37}},{"start":{"line":69,"column":41},"end":{"line":69,"column":70}},{"start":{"line":69,"column":74},"end":{"line":69,"column":104}}],"line":69},"5":{"loc":{"start":{"line":130,"column":0},"end":{"line":140,"column":1}},"type":"if","locations":[{"start":{"line":130,"column":0},"end":{"line":140,"column":1}},{"start":{"line":130,"column":0},"end":{"line":140,"column":1}}],"line":130},"6":{"loc":{"start":{"line":134,"column":15},"end":{"line":134,"column":32}},"type":"binary-expr","locations":[{"start":{"line":134,"column":15},"end":{"line":134,"column":25}},{"start":{"line":134,"column":29},"end":{"line":134,"column":32}}],"line":134},"7":{"loc":{"start":{"line":145,"column":13},"end":{"line":145,"column":30}},"type":"binary-expr","locations":[{"start":{"line":145,"column":13},"end":{"line":145,"column":23}},{"start":{"line":145,"column":27},"end":{"line":145,"column":30}}],"line":145}},"s":{"0":1,"1":1,"2":1,"3":1,"4":1,"5":1,"6":1,"7":1,"8":1,"9":1,"10":1,"11":1,"12":1,"13":1,"14":1,"15":1,"16":1,"17":1,"18":1,"19":1,"20":1,"21":1,"22":0,"23":1,"24":0,"25":0,"26":0,"27":0,"28":0,"29":1,"30":1,"31":1,"32":1,"33":1,"34":1,"35":1,"36":1,"37":1,"38":1,"39":1,"40":0,"41":0,"42":0,"43":0,"44":0,"45":0,"46":1,"47":1,"48":1,"49":1,"50":1,"51":1,"52":1,"53":2,"54":2,"55":2,"56":2,"57":1,"58":2,"59":2,"60":2,"61":2,"62":1,"63":1,"64":1,"65":1,"66":0,"67":0,"68":0,"69":1,"70":0,"71":0,"72":0,"73":0,"74":0,"75":1,"76":0,"77":0,"78":0,"79":0,"80":1},"f":{"0":0,"1":0,"2":0,"3":0,"4":0,"5":0,"6":2,"7":2,"8":0,"9":0,"10":0},"b":{"0":[1,1],"1":[0,0],"2":[0,0],"3":[0,0],"4":[0,0,0],"5":[0,1],"6":[0,0],"7":[0,0]},"_coverageSchema":"332fd63041d2c1bcb487cc26dd0d5f7d97098a6c","hash":"6c75f31a3712121dbf3acd020072707afab79412","contentHash":"444315b410c4ff4c1ab892ec7d47d081_10.3.2"},"/home/johngamboa/Classes/cse112/team2/lib/auth.js":{"path":"/home/johngamboa/Classes/cse112/team2/lib/auth.js","statementMap":{"0":{"start":{"line":1,"column":13},"end":{"line":1,"column":37}},"1":{"start":{"line":2,"column":12},"end":{"line":2,"column":28}},"2":{"start":{"line":3,"column":0},"end":{"line":5,"column":2}},"3":{"start":{"line":4,"column":4},"end":{"line":4,"column":66}},"4":{"start":{"line":13,"column":0},"end":{"line":15,"column":2}},"5":{"start":{"line":14,"column":4},"end":{"line":14,"column":61}},"6":{"start":{"line":26,"column":4},"end":{"line":26,"column":39}},"7":{"start":{"line":26,"column":21},"end":{"line":26,"column":38}},"8":{"start":{"line":27,"column":18},"end":{"line":27,"column":39}},"9":{"start":{"line":30,"column":4},"end":{"line":32,"column":5}},"10":{"start":{"line":31,"column":8},"end":{"line":31,"column":25}},"11":{"start":{"line":34,"column":16},"end":{"line":34,"column":26}},"12":{"start":{"line":36,"column":4},"end":{"line":47,"column":7}},"13":{"start":{"line":37,"column":8},"end":{"line":40,"column":9}},"14":{"start":{"line":38,"column":12},"end":{"line":38,"column":51}},"15":{"start":{"line":39,"column":12},"end":{"line":39,"column":29}},"16":{"start":{"line":42,"column":8},"end":{"line":44,"column":9}},"17":{"start":{"line":43,"column":12},"end":{"line":43,"column":29}},"18":{"start":{"line":46,"column":8},"end":{"line":46,"column":20}},"19":{"start":{"line":59,"column":0},"end":{"line":75,"column":2}},"20":{"start":{"line":61,"column":20},"end":{"line":61,"column":39}},"21":{"start":{"line":63,"column":4},"end":{"line":74,"column":7}},"22":{"start":{"line":64,"column":8},"end":{"line":66,"column":9}},"23":{"start":{"line":65,"column":12},"end":{"line":65,"column":60}},"24":{"start":{"line":67,"column":8},"end":{"line":72,"column":9}},"25":{"start":{"line":68,"column":12},"end":{"line":68,"column":30}},"26":{"start":{"line":71,"column":12},"end":{"line":71,"column":34}},"27":{"start":{"line":73,"column":6},"end":{"line":73,"column":21}},"28":{"start":{"line":86,"column":4},"end":{"line":94,"column":7}},"29":{"start":{"line":87,"column":8},"end":{"line":92,"column":9}},"30":{"start":{"line":88,"column":12},"end":{"line":88,"column":33}},"31":{"start":{"line":90,"column":12},"end":{"line":90,"column":40}},"32":{"start":{"line":91,"column":12},"end":{"line":91,"column":26}},"33":{"start":{"line":97,"column":0},"end":{"line":97,"column":36}},"34":{"start":{"line":98,"column":0},"end":{"line":98,"column":42}}},"fnMap":{"0":{"name":"(anonymous_0)","decl":{"start":{"line":3,"column":23},"end":{"line":3,"column":24}},"loc":{"start":{"line":3,"column":43},"end":{"line":5,"column":1}},"line":3},"1":{"name":"(anonymous_1)","decl":{"start":{"line":13,"column":24},"end":{"line":13,"column":25}},"loc":{"start":{"line":13,"column":64},"end":{"line":15,"column":1}},"line":13},"2":{"name":"isValidToken","decl":{"start":{"line":25,"column":9},"end":{"line":25,"column":21}},"loc":{"start":{"line":25,"column":42},"end":{"line":48,"column":1}},"line":25},"3":{"name":"(anonymous_3)","decl":{"start":{"line":36,"column":46},"end":{"line":36,"column":47}},"loc":{"start":{"line":36,"column":70},"end":{"line":47,"column":5}},"line":36},"4":{"name":"(anonymous_4)","decl":{"start":{"line":59,"column":24},"end":{"line":59,"column":25}},"loc":{"start":{"line":59,"column":58},"end":{"line":75,"column":1}},"line":59},"5":{"name":"(anonymous_5)","decl":{"start":{"line":63,"column":38},"end":{"line":63,"column":39}},"loc":{"start":{"line":63,"column":61},"end":{"line":74,"column":5}},"line":63},"6":{"name":"isAuthenticated","decl":{"start":{"line":85,"column":9},"end":{"line":85,"column":24}},"loc":{"start":{"line":85,"column":41},"end":{"line":95,"column":1}},"line":85},"7":{"name":"(anonymous_7)","decl":{"start":{"line":86,"column":52},"end":{"line":86,"column":53}},"loc":{"start":{"line":86,"column":70},"end":{"line":94,"column":5}},"line":86}},"branchMap":{"0":{"loc":{"start":{"line":26,"column":4},"end":{"line":26,"column":39}},"type":"if","locations":[{"start":{"line":26,"column":4},"end":{"line":26,"column":39}},{"start":{"line":26,"column":4},"end":{"line":26,"column":39}}],"line":26},"1":{"loc":{"start":{"line":30,"column":4},"end":{"line":32,"column":5}},"type":"if","locations":[{"start":{"line":30,"column":4},"end":{"line":32,"column":5}},{"start":{"line":30,"column":4},"end":{"line":32,"column":5}}],"line":30},"2":{"loc":{"start":{"line":30,"column":8},"end":{"line":30,"column":54}},"type":"binary-expr","locations":[{"start":{"line":30,"column":8},"end":{"line":30,"column":28}},{"start":{"line":30,"column":32},"end":{"line":30,"column":54}}],"line":30},"3":{"loc":{"start":{"line":37,"column":8},"end":{"line":40,"column":9}},"type":"if","locations":[{"start":{"line":37,"column":8},"end":{"line":40,"column":9}},{"start":{"line":37,"column":8},"end":{"line":40,"column":9}}],"line":37},"4":{"loc":{"start":{"line":42,"column":8},"end":{"line":44,"column":9}},"type":"if","locations":[{"start":{"line":42,"column":8},"end":{"line":44,"column":9}},{"start":{"line":42,"column":8},"end":{"line":44,"column":9}}],"line":42},"5":{"loc":{"start":{"line":64,"column":8},"end":{"line":66,"column":9}},"type":"if","locations":[{"start":{"line":64,"column":8},"end":{"line":66,"column":9}},{"start":{"line":64,"column":8},"end":{"line":66,"column":9}}],"line":64},"6":{"loc":{"start":{"line":67,"column":8},"end":{"line":72,"column":9}},"type":"if","locations":[{"start":{"line":67,"column":8},"end":{"line":72,"column":9}},{"start":{"line":67,"column":8},"end":{"line":72,"column":9}}],"line":67},"7":{"loc":{"start":{"line":67,"column":11},"end":{"line":67,"column":75}},"type":"binary-expr","locations":[{"start":{"line":67,"column":11},"end":{"line":67,"column":20}},{"start":{"line":67,"column":24},"end":{"line":67,"column":75}}],"line":67},"8":{"loc":{"start":{"line":87,"column":8},"end":{"line":92,"column":9}},"type":"if","locations":[{"start":{"line":87,"column":8},"end":{"line":92,"column":9}},{"start":{"line":87,"column":8},"end":{"line":92,"column":9}}],"line":87}},"s":{"0":1,"1":1,"2":1,"3":0,"4":1,"5":0,"6":0,"7":0,"8":0,"9":0,"10":0,"11":0,"12":0,"13":0,"14":0,"15":0,"16":0,"17":0,"18":0,"19":1,"20":0,"21":0,"22":0,"23":0,"24":0,"25":0,"26":0,"27":0,"28":0,"29":0,"30":0,"31":0,"32":0,"33":1,"34":1},"f":{"0":0,"1":0,"2":0,"3":0,"4":0,"5":0,"6":0,"7":0},"b":{"0":[0,0],"1":[0,0],"2":[0,0],"3":[0,0],"4":[0,0],"5":[0,0],"6":[0,0],"7":[0,0],"8":[0,0]},"_coverageSchema":"332fd63041d2c1bcb487cc26dd0d5f7d97098a6c","hash":"bd5567e62d75e5e7c1b361c906d5d85e4aa84ab0","contentHash":"19c740f0a7ec95a926d10ebaa3b8335d_10.3.2"},"/home/johngamboa/Classes/cse112/team2/routes/webapp/business/index.js":{"path":"/home/johngamboa/Classes/cse112/team2/routes/webapp/business/index.js","statementMap":{"0":{"start":{"line":3,"column":14},"end":{"line":3,"column":32}},"1":{"start":{"line":4,"column":13},"end":{"line":4,"column":29}},"2":{"start":{"line":7,"column":14},"end":{"line":7,"column":34}},"3":{"start":{"line":8,"column":12},"end":{"line":8,"column":30}},"4":{"start":{"line":9,"column":22},"end":{"line":9,"column":50}},"5":{"start":{"line":10,"column":15},"end":{"line":10,"column":36}},"6":{"start":{"line":11,"column":16},"end":{"line":11,"column":38}},"7":{"start":{"line":12,"column":19},"end":{"line":12,"column":44}},"8":{"start":{"line":13,"column":26},"end":{"line":13,"column":58}},"9":{"start":{"line":14,"column":23},"end":{"line":14,"column":52}},"10":{"start":{"line":15,"column":22},"end":{"line":15,"column":50}},"11":{"start":{"line":16,"column":18},"end":{"line":16,"column":36}},"12":{"start":{"line":18,"column":0},"end":{"line":76,"column":2}},"13":{"start":{"line":20,"column":4},"end":{"line":20,"column":33}},"14":{"start":{"line":21,"column":4},"end":{"line":21,"column":35}},"15":{"start":{"line":23,"column":4},"end":{"line":23,"column":36}},"16":{"start":{"line":24,"column":4},"end":{"line":28,"column":8}},"17":{"start":{"line":30,"column":4},"end":{"line":30,"column":84}},"18":{"start":{"line":31,"column":4},"end":{"line":31,"column":86}},"19":{"start":{"line":33,"column":4},"end":{"line":33,"column":68}},"20":{"start":{"line":34,"column":4},"end":{"line":34,"column":70}},"21":{"start":{"line":35,"column":4},"end":{"line":35,"column":79}},"22":{"start":{"line":37,"column":4},"end":{"line":37,"column":87}},"23":{"start":{"line":39,"column":4},"end":{"line":39,"column":42}},"24":{"start":{"line":40,"column":4},"end":{"line":40,"column":62}},"25":{"start":{"line":41,"column":4},"end":{"line":44,"column":8}},"26":{"start":{"line":46,"column":4},"end":{"line":46,"column":56}},"27":{"start":{"line":48,"column":4},"end":{"line":48,"column":70}},"28":{"start":{"line":49,"column":4},"end":{"line":49,"column":72}},"29":{"start":{"line":51,"column":4},"end":{"line":51,"column":58}},"30":{"start":{"line":52,"column":4},"end":{"line":55,"column":8}},"31":{"start":{"line":58,"column":8},"end":{"line":59,"column":26}},"32":{"start":{"line":59,"column":12},"end":{"line":59,"column":26}},"33":{"start":{"line":61,"column":8},"end":{"line":61,"column":26}},"34":{"start":{"line":67,"column":8},"end":{"line":68,"column":26}},"35":{"start":{"line":68,"column":12},"end":{"line":68,"column":26}},"36":{"start":{"line":70,"column":8},"end":{"line":70,"column":82}},"37":{"start":{"line":72,"column":8},"end":{"line":72,"column":29}},"38":{"start":{"line":75,"column":4},"end":{"line":75,"column":18}}},"fnMap":{"0":{"name":"(anonymous_0)","decl":{"start":{"line":18,"column":17},"end":{"line":18,"column":18}},"loc":{"start":{"line":18,"column":37},"end":{"line":76,"column":1}},"line":18},"1":{"name":"isLoggedIn","decl":{"start":{"line":57,"column":13},"end":{"line":57,"column":23}},"loc":{"start":{"line":57,"column":37},"end":{"line":62,"column":5}},"line":57},"2":{"name":"isLoggedInBusiness","decl":{"start":{"line":65,"column":13},"end":{"line":65,"column":31}},"loc":{"start":{"line":65,"column":48},"end":{"line":73,"column":5}},"line":65}},"branchMap":{"0":{"loc":{"start":{"line":58,"column":8},"end":{"line":59,"column":26}},"type":"if","locations":[{"start":{"line":58,"column":8},"end":{"line":59,"column":26}},{"start":{"line":58,"column":8},"end":{"line":59,"column":26}}],"line":58},"1":{"loc":{"start":{"line":67,"column":8},"end":{"line":68,"column":26}},"type":"if","locations":[{"start":{"line":67,"column":8},"end":{"line":68,"column":26}},{"start":{"line":67,"column":8},"end":{"line":68,"column":26}}],"line":67},"2":{"loc":{"start":{"line":67,"column":12},"end":{"line":67,"column":65}},"type":"binary-expr","locations":[{"start":{"line":67,"column":12},"end":{"line":67,"column":33}},{"start":{"line":67,"column":38},"end":{"line":67,"column":64}}],"line":67}},"s":{"0":1,"1":1,"2":1,"3":1,"4":1,"5":1,"6":1,"7":1,"8":1,"9":1,"10":1,"11":1,"12":1,"13":1,"14":1,"15":1,"16":1,"17":1,"18":1,"19":1,"20":1,"21":1,"22":1,"23":1,"24":1,"25":1,"26":1,"27":1,"28":1,"29":1,"30":1,"31":0,"32":0,"33":0,"34":0,"35":0,"36":0,"37":0,"38":1},"f":{"0":1,"1":0,"2":0},"b":{"0":[0,0],"1":[0,0],"2":[0,0]},"_coverageSchema":"332fd63041d2c1bcb487cc26dd0d5f7d97098a6c","hash":"c1e4a125169421e1910d66e15369150cd30ea59d","contentHash":"22e2b1c0edc9aa919cadeb52996efc41_10.3.2"},"/home/johngamboa/Classes/cse112/team2/routes/webapp/business/landing.js":{"path":"/home/johngamboa/Classes/cse112/team2/routes/webapp/business/landing.js","statementMap":{"0":{"start":{"line":1,"column":0},"end":{"line":17,"column":2}},"1":{"start":{"line":3,"column":1},"end":{"line":3,"column":32}},"2":{"start":{"line":5,"column":1},"end":{"line":11,"column":11}},"3":{"start":{"line":7,"column":12},"end":{"line":10,"column":13}},"4":{"start":{"line":9,"column":16},"end":{"line":9,"column":33}},"5":{"start":{"line":13,"column":4},"end":{"line":16,"column":7}},"6":{"start":{"line":19,"column":0},"end":{"line":39,"column":2}},"7":{"start":{"line":20,"column":22},"end":{"line":20,"column":42}},"8":{"start":{"line":22,"column":4},"end":{"line":38,"column":5}},"9":{"start":{"line":24,"column":8},"end":{"line":24,"column":34}},"10":{"start":{"line":27,"column":8},"end":{"line":27,"column":46}},"11":{"start":{"line":29,"column":8},"end":{"line":37,"column":11}},"12":{"start":{"line":31,"column":12},"end":{"line":34,"column":13}},"13":{"start":{"line":33,"column":16},"end":{"line":33,"column":33}},"14":{"start":{"line":36,"column":12},"end":{"line":36,"column":38}}},"fnMap":{"0":{"name":"(anonymous_0)","decl":{"start":{"line":1,"column":14},"end":{"line":1,"column":15}},"loc":{"start":{"line":1,"column":40},"end":{"line":17,"column":1}},"line":1},"1":{"name":"(anonymous_1)","decl":{"start":{"line":5,"column":18},"end":{"line":5,"column":19}},"loc":{"start":{"line":5,"column":33},"end":{"line":11,"column":9}},"line":5},"2":{"name":"(anonymous_2)","decl":{"start":{"line":19,"column":15},"end":{"line":19,"column":16}},"loc":{"start":{"line":19,"column":41},"end":{"line":39,"column":1}},"line":19},"3":{"name":"(anonymous_3)","decl":{"start":{"line":29,"column":25},"end":{"line":29,"column":26}},"loc":{"start":{"line":29,"column":40},"end":{"line":37,"column":9}},"line":29}},"branchMap":{"0":{"loc":{"start":{"line":7,"column":12},"end":{"line":10,"column":13}},"type":"if","locations":[{"start":{"line":7,"column":12},"end":{"line":10,"column":13}},{"start":{"line":7,"column":12},"end":{"line":10,"column":13}}],"line":7},"1":{"loc":{"start":{"line":22,"column":4},"end":{"line":38,"column":5}},"type":"if","locations":[{"start":{"line":22,"column":4},"end":{"line":38,"column":5}},{"start":{"line":22,"column":4},"end":{"line":38,"column":5}}],"line":22},"2":{"loc":{"start":{"line":31,"column":12},"end":{"line":34,"column":13}},"type":"if","locations":[{"start":{"line":31,"column":12},"end":{"line":34,"column":13}},{"start":{"line":31,"column":12},"end":{"line":34,"column":13}}],"line":31}},"s":{"0":1,"1":0,"2":0,"3":0,"4":0,"5":0,"6":1,"7":0,"8":0,"9":0,"10":0,"11":0,"12":0,"13":0,"14":0},"f":{"0":0,"1":0,"2":0,"3":0},"b":{"0":[0,0],"1":[0,0],"2":[0,0]},"_coverageSchema":"332fd63041d2c1bcb487cc26dd0d5f7d97098a6c","hash":"b52c46d524109fb371076ebdf3ec01ebe63de475","contentHash":"c2966274b4fbd5c19df97e93314acdee_10.3.2"},"/home/johngamboa/Classes/cse112/team2/routes/webapp/business/login.js":{"path":"/home/johngamboa/Classes/cse112/team2/routes/webapp/business/login.js","statementMap":{"0":{"start":{"line":2,"column":0},"end":{"line":8,"column":2}},"1":{"start":{"line":3,"column":1},"end":{"line":3,"column":14}},"2":{"start":{"line":4,"column":4},"end":{"line":7,"column":7}}},"fnMap":{"0":{"name":"(anonymous_0)","decl":{"start":{"line":2,"column":14},"end":{"line":2,"column":15}},"loc":{"start":{"line":2,"column":33},"end":{"line":8,"column":1}},"line":2}},"branchMap":{},"s":{"0":1,"1":1,"2":1},"f":{"0":1},"b":{},"_coverageSchema":"332fd63041d2c1bcb487cc26dd0d5f7d97098a6c","hash":"8eb56f2b5541ca72a5669bcce6787883375d6699","contentHash":"92da2f7dee136bc2bb6ed6e1b09580a4_10.3.2"},"/home/johngamboa/Classes/cse112/team2/routes/webapp/business/accountsettings.js":{"path":"/home/johngamboa/Classes/cse112/team2/routes/webapp/business/accountsettings.js","statementMap":{"0":{"start":{"line":1,"column":11},"end":{"line":1,"column":39}},"1":{"start":{"line":2,"column":8},"end":{"line":2,"column":29}},"2":{"start":{"line":3,"column":9},"end":{"line":3,"column":22}},"3":{"start":{"line":4,"column":12},"end":{"line":4,"column":28}},"4":{"start":{"line":6,"column":0},"end":{"line":6,"column":37}},"5":{"start":{"line":14,"column":0},"end":{"line":35,"column":2}},"6":{"start":{"line":15,"column":11},"end":{"line":15,"column":26}},"7":{"start":{"line":16,"column":21},"end":{"line":16,"column":41}},"8":{"start":{"line":17,"column":13},"end":{"line":17,"column":19}},"9":{"start":{"line":18,"column":20},"end":{"line":18,"column":39}},"10":{"start":{"line":19,"column":21},"end":{"line":19,"column":41}},"11":{"start":{"line":21,"column":4},"end":{"line":32,"column":6}},"12":{"start":{"line":23,"column":12},"end":{"line":25,"column":13}},"13":{"start":{"line":24,"column":16},"end":{"line":24,"column":33}},"14":{"start":{"line":27,"column":12},"end":{"line":29,"column":15}},"15":{"start":{"line":44,"column":0},"end":{"line":185,"column":2}},"16":{"start":{"line":47,"column":13},"end":{"line":47,"column":19}},"17":{"start":{"line":48,"column":20},"end":{"line":48,"column":39}},"18":{"start":{"line":49,"column":14},"end":{"line":49,"column":29}},"19":{"start":{"line":51,"column":23},"end":{"line":51,"column":43}},"20":{"start":{"line":52,"column":23},"end":{"line":52,"column":44}},"21":{"start":{"line":53,"column":23},"end":{"line":53,"column":45}},"22":{"start":{"line":54,"column":23},"end":{"line":54,"column":40}},"23":{"start":{"line":55,"column":23},"end":{"line":55,"column":41}},"24":{"start":{"line":56,"column":23},"end":{"line":56,"column":41}},"25":{"start":{"line":57,"column":23},"end":{"line":57,"column":40}},"26":{"start":{"line":58,"column":23},"end":{"line":58,"column":41}},"27":{"start":{"line":60,"column":4},"end":{"line":92,"column":5}},"28":{"start":{"line":62,"column":8},"end":{"line":62,"column":55}},"29":{"start":{"line":63,"column":8},"end":{"line":91,"column":9}},"30":{"start":{"line":64,"column":12},"end":{"line":66,"column":14}},"31":{"start":{"line":67,"column":12},"end":{"line":67,"column":19}},"32":{"start":{"line":70,"column":12},"end":{"line":90,"column":14}},"33":{"start":{"line":71,"column":26},"end":{"line":71,"column":35}},"34":{"start":{"line":72,"column":16},"end":{"line":89,"column":17}},"35":{"start":{"line":73,"column":20},"end":{"line":75,"column":22}},"36":{"start":{"line":76,"column":20},"end":{"line":76,"column":27}},"37":{"start":{"line":79,"column":20},"end":{"line":88,"column":23}},"38":{"start":{"line":80,"column":24},"end":{"line":82,"column":25}},"39":{"start":{"line":81,"column":28},"end":{"line":81,"column":57}},"40":{"start":{"line":84,"column":24},"end":{"line":86,"column":27}},"41":{"start":{"line":87,"column":24},"end":{"line":87,"column":31}},"42":{"start":{"line":94,"column":4},"end":{"line":141,"column":5}},"43":{"start":{"line":99,"column":29},"end":{"line":99,"column":31}},"44":{"start":{"line":101,"column":8},"end":{"line":112,"column":9}},"45":{"start":{"line":102,"column":12},"end":{"line":102,"column":54}},"46":{"start":{"line":103,"column":12},"end":{"line":110,"column":13}},"47":{"start":{"line":104,"column":16},"end":{"line":104,"column":46}},"48":{"start":{"line":106,"column":16},"end":{"line":108,"column":19}},"49":{"start":{"line":109,"column":16},"end":{"line":109,"column":23}},"50":{"start":{"line":111,"column":12},"end":{"line":111,"column":46}},"51":{"start":{"line":114,"column":8},"end":{"line":116,"column":9}},"52":{"start":{"line":115,"column":12},"end":{"line":115,"column":46}},"53":{"start":{"line":118,"column":8},"end":{"line":129,"column":9}},"54":{"start":{"line":119,"column":28},"end":{"line":119,"column":48}},"55":{"start":{"line":120,"column":12},"end":{"line":128,"column":13}},"56":{"start":{"line":121,"column":16},"end":{"line":121,"column":52}},"57":{"start":{"line":122,"column":16},"end":{"line":122,"column":52}},"58":{"start":{"line":124,"column":16},"end":{"line":126,"column":19}},"59":{"start":{"line":127,"column":16},"end":{"line":127,"column":23}},"60":{"start":{"line":131,"column":8},"end":{"line":140,"column":11}},"61":{"start":{"line":133,"column":12},"end":{"line":133,"column":53}},"62":{"start":{"line":133,"column":23},"end":{"line":133,"column":52}},"63":{"start":{"line":136,"column":12},"end":{"line":138,"column":15}},"64":{"start":{"line":139,"column":12},"end":{"line":139,"column":19}},"65":{"start":{"line":143,"column":4},"end":{"line":162,"column":5}},"66":{"start":{"line":145,"column":8},"end":{"line":152,"column":9}},"67":{"start":{"line":147,"column":25},"end":{"line":147,"column":30}},"68":{"start":{"line":151,"column":25},"end":{"line":151,"column":29}},"69":{"start":{"line":154,"column":8},"end":{"line":161,"column":11}},"70":{"start":{"line":156,"column":12},"end":{"line":156,"column":53}},"71":{"start":{"line":156,"column":23},"end":{"line":156,"column":52}},"72":{"start":{"line":158,"column":12},"end":{"line":160,"column":15}},"73":{"start":{"line":164,"column":4},"end":{"line":183,"column":5}},"74":{"start":{"line":166,"column":8},"end":{"line":173,"column":9}},"75":{"start":{"line":168,"column":27},"end":{"line":168,"column":32}},"76":{"start":{"line":172,"column":27},"end":{"line":172,"column":31}},"77":{"start":{"line":175,"column":8},"end":{"line":182,"column":11}},"78":{"start":{"line":177,"column":12},"end":{"line":177,"column":53}},"79":{"start":{"line":177,"column":23},"end":{"line":177,"column":52}},"80":{"start":{"line":179,"column":16},"end":{"line":181,"column":19}},"81":{"start":{"line":187,"column":0},"end":{"line":232,"column":2}},"82":{"start":{"line":190,"column":13},"end":{"line":190,"column":19}},"83":{"start":{"line":191,"column":21},"end":{"line":191,"column":41}},"84":{"start":{"line":192,"column":14},"end":{"line":192,"column":34}},"85":{"start":{"line":194,"column":22},"end":{"line":194,"column":42}},"86":{"start":{"line":195,"column":16},"end":{"line":195,"column":30}},"87":{"start":{"line":198,"column":4},"end":{"line":230,"column":5}},"88":{"start":{"line":201,"column":29},"end":{"line":201,"column":31}},"89":{"start":{"line":203,"column":8},"end":{"line":214,"column":9}},"90":{"start":{"line":204,"column":12},"end":{"line":204,"column":44}},"91":{"start":{"line":205,"column":12},"end":{"line":212,"column":13}},"92":{"start":{"line":206,"column":16},"end":{"line":206,"column":36}},"93":{"start":{"line":208,"column":16},"end":{"line":210,"column":19}},"94":{"start":{"line":211,"column":16},"end":{"line":211,"column":23}},"95":{"start":{"line":213,"column":12},"end":{"line":213,"column":41}},"96":{"start":{"line":216,"column":8},"end":{"line":218,"column":9}},"97":{"start":{"line":217,"column":12},"end":{"line":217,"column":53}},"98":{"start":{"line":220,"column":8},"end":{"line":229,"column":11}},"99":{"start":{"line":222,"column":12},"end":{"line":222,"column":53}},"100":{"start":{"line":222,"column":23},"end":{"line":222,"column":52}},"101":{"start":{"line":225,"column":12},"end":{"line":227,"column":15}},"102":{"start":{"line":228,"column":12},"end":{"line":228,"column":19}},"103":{"start":{"line":235,"column":0},"end":{"line":298,"column":2}},"104":{"start":{"line":237,"column":13},"end":{"line":237,"column":19}},"105":{"start":{"line":238,"column":21},"end":{"line":238,"column":41}},"106":{"start":{"line":239,"column":21},"end":{"line":239,"column":41}},"107":{"start":{"line":241,"column":4},"end":{"line":296,"column":5}},"108":{"start":{"line":243,"column":8},"end":{"line":250,"column":10}},"109":{"start":{"line":246,"column":16},"end":{"line":248,"column":17}},"110":{"start":{"line":247,"column":20},"end":{"line":247,"column":37}},"111":{"start":{"line":251,"column":8},"end":{"line":274,"column":15}},"112":{"start":{"line":253,"column":16},"end":{"line":270,"column":18}},"113":{"start":{"line":260,"column":24},"end":{"line":262,"column":25}},"114":{"start":{"line":261,"column":28},"end":{"line":261,"column":45}},"115":{"start":{"line":264,"column":24},"end":{"line":267,"column":27}},"116":{"start":{"line":273,"column":16},"end":{"line":273,"column":39}},"117":{"start":{"line":277,"column":8},"end":{"line":295,"column":10}},"118":{"start":{"line":279,"column":16},"end":{"line":281,"column":17}},"119":{"start":{"line":280,"column":20},"end":{"line":280,"column":37}},"120":{"start":{"line":283,"column":16},"end":{"line":293,"column":17}},"121":{"start":{"line":285,"column":20},"end":{"line":287,"column":23}},"122":{"start":{"line":290,"column":20},"end":{"line":292,"column":23}},"123":{"start":{"line":309,"column":14},"end":{"line":309,"column":29}},"124":{"start":{"line":310,"column":21},"end":{"line":310,"column":41}},"125":{"start":{"line":311,"column":13},"end":{"line":311,"column":19}},"126":{"start":{"line":312,"column":20},"end":{"line":312,"column":39}},"127":{"start":{"line":313,"column":21},"end":{"line":313,"column":41}},"128":{"start":{"line":315,"column":4},"end":{"line":367,"column":6}},"129":{"start":{"line":317,"column":12},"end":{"line":319,"column":13}},"130":{"start":{"line":318,"column":16},"end":{"line":318,"column":33}},"131":{"start":{"line":322,"column":12},"end":{"line":365,"column":15}},"132":{"start":{"line":323,"column":26},"end":{"line":323,"column":35}},"133":{"start":{"line":324,"column":28},"end":{"line":324,"column":37}},"134":{"start":{"line":325,"column":16},"end":{"line":325,"column":47}},"135":{"start":{"line":326,"column":24},"end":{"line":326,"column":99}},"136":{"start":{"line":327,"column":35},"end":{"line":327,"column":49}},"137":{"start":{"line":328,"column":16},"end":{"line":328,"column":107}},"138":{"start":{"line":329,"column":24},"end":{"line":329,"column":127}},"139":{"start":{"line":332,"column":36},"end":{"line":349,"column":17}},"140":{"start":{"line":351,"column":32},"end":{"line":351,"column":73}},"141":{"start":{"line":353,"column":16},"end":{"line":362,"column":17}},"142":{"start":{"line":354,"column":20},"end":{"line":356,"column":23}},"143":{"start":{"line":358,"column":20},"end":{"line":361,"column":23}},"144":{"start":{"line":364,"column":16},"end":{"line":364,"column":66}}},"fnMap":{"0":{"name":"(anonymous_0)","decl":{"start":{"line":14,"column":14},"end":{"line":14,"column":15}},"loc":{"start":{"line":14,"column":33},"end":{"line":35,"column":1}},"line":14},"1":{"name":"(anonymous_1)","decl":{"start":{"line":22,"column":8},"end":{"line":22,"column":9}},"loc":{"start":{"line":22,"column":32},"end":{"line":31,"column":9}},"line":22},"2":{"name":"(anonymous_2)","decl":{"start":{"line":44,"column":15},"end":{"line":44,"column":16}},"loc":{"start":{"line":44,"column":35},"end":{"line":185,"column":1}},"line":44},"3":{"name":"(anonymous_3)","decl":{"start":{"line":70,"column":39},"end":{"line":70,"column":40}},"loc":{"start":{"line":70,"column":63},"end":{"line":90,"column":13}},"line":70},"4":{"name":"(anonymous_4)","decl":{"start":{"line":79,"column":93},"end":{"line":79,"column":94}},"loc":{"start":{"line":79,"column":114},"end":{"line":88,"column":21}},"line":79},"5":{"name":"(anonymous_5)","decl":{"start":{"line":131,"column":69},"end":{"line":131,"column":70}},"loc":{"start":{"line":132,"column":8},"end":{"line":140,"column":9}},"line":132},"6":{"name":"(anonymous_6)","decl":{"start":{"line":154,"column":74},"end":{"line":154,"column":75}},"loc":{"start":{"line":155,"column":8},"end":{"line":161,"column":9}},"line":155},"7":{"name":"(anonymous_7)","decl":{"start":{"line":175,"column":78},"end":{"line":175,"column":79}},"loc":{"start":{"line":176,"column":8},"end":{"line":182,"column":9}},"line":176},"8":{"name":"(anonymous_8)","decl":{"start":{"line":187,"column":25},"end":{"line":187,"column":26}},"loc":{"start":{"line":187,"column":45},"end":{"line":232,"column":1}},"line":187},"9":{"name":"(anonymous_9)","decl":{"start":{"line":220,"column":63},"end":{"line":220,"column":64}},"loc":{"start":{"line":221,"column":8},"end":{"line":229,"column":9}},"line":221},"10":{"name":"(anonymous_10)","decl":{"start":{"line":235,"column":21},"end":{"line":235,"column":22}},"loc":{"start":{"line":235,"column":45},"end":{"line":298,"column":1}},"line":235},"11":{"name":"(anonymous_11)","decl":{"start":{"line":244,"column":12},"end":{"line":244,"column":13}},"loc":{"start":{"line":244,"column":35},"end":{"line":249,"column":13}},"line":244},"12":{"name":"(anonymous_12)","decl":{"start":{"line":252,"column":18},"end":{"line":252,"column":19}},"loc":{"start":{"line":252,"column":34},"end":{"line":271,"column":13}},"line":252},"13":{"name":"(anonymous_13)","decl":{"start":{"line":259,"column":23},"end":{"line":259,"column":24}},"loc":{"start":{"line":259,"column":37},"end":{"line":268,"column":21}},"line":259},"14":{"name":"(anonymous_14)","decl":{"start":{"line":272,"column":19},"end":{"line":272,"column":20}},"loc":{"start":{"line":272,"column":40},"end":{"line":274,"column":13}},"line":272},"15":{"name":"(anonymous_15)","decl":{"start":{"line":278,"column":12},"end":{"line":278,"column":13}},"loc":{"start":{"line":278,"column":35},"end":{"line":294,"column":13}},"line":278},"16":{"name":"render","decl":{"start":{"line":308,"column":9},"end":{"line":308,"column":15}},"loc":{"start":{"line":308,"column":44},"end":{"line":368,"column":1}},"line":308},"17":{"name":"(anonymous_17)","decl":{"start":{"line":316,"column":8},"end":{"line":316,"column":9}},"loc":{"start":{"line":316,"column":32},"end":{"line":366,"column":9}},"line":316},"18":{"name":"(anonymous_18)","decl":{"start":{"line":322,"column":39},"end":{"line":322,"column":40}},"loc":{"start":{"line":322,"column":63},"end":{"line":365,"column":13}},"line":322}},"branchMap":{"0":{"loc":{"start":{"line":23,"column":12},"end":{"line":25,"column":13}},"type":"if","locations":[{"start":{"line":23,"column":12},"end":{"line":25,"column":13}},{"start":{"line":23,"column":12},"end":{"line":25,"column":13}}],"line":23},"1":{"loc":{"start":{"line":60,"column":4},"end":{"line":92,"column":5}},"type":"if","locations":[{"start":{"line":60,"column":4},"end":{"line":92,"column":5}},{"start":{"line":60,"column":4},"end":{"line":92,"column":5}}],"line":60},"2":{"loc":{"start":{"line":63,"column":8},"end":{"line":91,"column":9}},"type":"if","locations":[{"start":{"line":63,"column":8},"end":{"line":91,"column":9}},{"start":{"line":63,"column":8},"end":{"line":91,"column":9}}],"line":63},"3":{"loc":{"start":{"line":72,"column":16},"end":{"line":89,"column":17}},"type":"if","locations":[{"start":{"line":72,"column":16},"end":{"line":89,"column":17}},{"start":{"line":72,"column":16},"end":{"line":89,"column":17}}],"line":72},"4":{"loc":{"start":{"line":80,"column":24},"end":{"line":82,"column":25}},"type":"if","locations":[{"start":{"line":80,"column":24},"end":{"line":82,"column":25}},{"start":{"line":80,"column":24},"end":{"line":82,"column":25}}],"line":80},"5":{"loc":{"start":{"line":94,"column":4},"end":{"line":141,"column":5}},"type":"if","locations":[{"start":{"line":94,"column":4},"end":{"line":141,"column":5}},{"start":{"line":94,"column":4},"end":{"line":141,"column":5}}],"line":94},"6":{"loc":{"start":{"line":94,"column":8},"end":{"line":94,"column":69}},"type":"binary-expr","locations":[{"start":{"line":94,"column":8},"end":{"line":94,"column":26}},{"start":{"line":94,"column":30},"end":{"line":94,"column":48}},{"start":{"line":94,"column":52},"end":{"line":94,"column":69}}],"line":94},"7":{"loc":{"start":{"line":101,"column":8},"end":{"line":112,"column":9}},"type":"if","locations":[{"start":{"line":101,"column":8},"end":{"line":112,"column":9}},{"start":{"line":101,"column":8},"end":{"line":112,"column":9}}],"line":101},"8":{"loc":{"start":{"line":103,"column":12},"end":{"line":110,"column":13}},"type":"if","locations":[{"start":{"line":103,"column":12},"end":{"line":110,"column":13}},{"start":{"line":103,"column":12},"end":{"line":110,"column":13}}],"line":103},"9":{"loc":{"start":{"line":114,"column":8},"end":{"line":116,"column":9}},"type":"if","locations":[{"start":{"line":114,"column":8},"end":{"line":116,"column":9}},{"start":{"line":114,"column":8},"end":{"line":116,"column":9}}],"line":114},"10":{"loc":{"start":{"line":118,"column":8},"end":{"line":129,"column":9}},"type":"if","locations":[{"start":{"line":118,"column":8},"end":{"line":129,"column":9}},{"start":{"line":118,"column":8},"end":{"line":129,"column":9}}],"line":118},"11":{"loc":{"start":{"line":120,"column":12},"end":{"line":128,"column":13}},"type":"if","locations":[{"start":{"line":120,"column":12},"end":{"line":128,"column":13}},{"start":{"line":120,"column":12},"end":{"line":128,"column":13}}],"line":120},"12":{"loc":{"start":{"line":133,"column":12},"end":{"line":133,"column":53}},"type":"if","locations":[{"start":{"line":133,"column":12},"end":{"line":133,"column":53}},{"start":{"line":133,"column":12},"end":{"line":133,"column":53}}],"line":133},"13":{"loc":{"start":{"line":143,"column":4},"end":{"line":162,"column":5}},"type":"if","locations":[{"start":{"line":143,"column":4},"end":{"line":162,"column":5}},{"start":{"line":143,"column":4},"end":{"line":162,"column":5}}],"line":143},"14":{"loc":{"start":{"line":145,"column":8},"end":{"line":152,"column":9}},"type":"if","locations":[{"start":{"line":145,"column":8},"end":{"line":152,"column":9}},{"start":{"line":145,"column":8},"end":{"line":152,"column":9}}],"line":145},"15":{"loc":{"start":{"line":156,"column":12},"end":{"line":156,"column":53}},"type":"if","locations":[{"start":{"line":156,"column":12},"end":{"line":156,"column":53}},{"start":{"line":156,"column":12},"end":{"line":156,"column":53}}],"line":156},"16":{"loc":{"start":{"line":164,"column":4},"end":{"line":183,"column":5}},"type":"if","locations":[{"start":{"line":164,"column":4},"end":{"line":183,"column":5}},{"start":{"line":164,"column":4},"end":{"line":183,"column":5}}],"line":164},"17":{"loc":{"start":{"line":166,"column":8},"end":{"line":173,"column":9}},"type":"if","locations":[{"start":{"line":166,"column":8},"end":{"line":173,"column":9}},{"start":{"line":166,"column":8},"end":{"line":173,"column":9}}],"line":166},"18":{"loc":{"start":{"line":177,"column":12},"end":{"line":177,"column":53}},"type":"if","locations":[{"start":{"line":177,"column":12},"end":{"line":177,"column":53}},{"start":{"line":177,"column":12},"end":{"line":177,"column":53}}],"line":177},"19":{"loc":{"start":{"line":198,"column":4},"end":{"line":230,"column":5}},"type":"if","locations":[{"start":{"line":198,"column":4},"end":{"line":230,"column":5}},{"start":{"line":198,"column":4},"end":{"line":230,"column":5}}],"line":198},"20":{"loc":{"start":{"line":198,"column":8},"end":{"line":198,"column":44}},"type":"binary-expr","locations":[{"start":{"line":198,"column":8},"end":{"line":198,"column":27}},{"start":{"line":198,"column":31},"end":{"line":198,"column":44}}],"line":198},"21":{"loc":{"start":{"line":203,"column":8},"end":{"line":214,"column":9}},"type":"if","locations":[{"start":{"line":203,"column":8},"end":{"line":214,"column":9}},{"start":{"line":203,"column":8},"end":{"line":214,"column":9}}],"line":203},"22":{"loc":{"start":{"line":205,"column":12},"end":{"line":212,"column":13}},"type":"if","locations":[{"start":{"line":205,"column":12},"end":{"line":212,"column":13}},{"start":{"line":205,"column":12},"end":{"line":212,"column":13}}],"line":205},"23":{"loc":{"start":{"line":216,"column":8},"end":{"line":218,"column":9}},"type":"if","locations":[{"start":{"line":216,"column":8},"end":{"line":218,"column":9}},{"start":{"line":216,"column":8},"end":{"line":218,"column":9}}],"line":216},"24":{"loc":{"start":{"line":222,"column":12},"end":{"line":222,"column":53}},"type":"if","locations":[{"start":{"line":222,"column":12},"end":{"line":222,"column":53}},{"start":{"line":222,"column":12},"end":{"line":222,"column":53}}],"line":222},"25":{"loc":{"start":{"line":241,"column":4},"end":{"line":296,"column":5}},"type":"if","locations":[{"start":{"line":241,"column":4},"end":{"line":296,"column":5}},{"start":{"line":241,"column":4},"end":{"line":296,"column":5}}],"line":241},"26":{"loc":{"start":{"line":246,"column":16},"end":{"line":248,"column":17}},"type":"if","locations":[{"start":{"line":246,"column":16},"end":{"line":248,"column":17}},{"start":{"line":246,"column":16},"end":{"line":248,"column":17}}],"line":246},"27":{"loc":{"start":{"line":260,"column":24},"end":{"line":262,"column":25}},"type":"if","locations":[{"start":{"line":260,"column":24},"end":{"line":262,"column":25}},{"start":{"line":260,"column":24},"end":{"line":262,"column":25}}],"line":260},"28":{"loc":{"start":{"line":279,"column":16},"end":{"line":281,"column":17}},"type":"if","locations":[{"start":{"line":279,"column":16},"end":{"line":281,"column":17}},{"start":{"line":279,"column":16},"end":{"line":281,"column":17}}],"line":279},"29":{"loc":{"start":{"line":283,"column":16},"end":{"line":293,"column":17}},"type":"if","locations":[{"start":{"line":283,"column":16},"end":{"line":293,"column":17}},{"start":{"line":283,"column":16},"end":{"line":293,"column":17}}],"line":283},"30":{"loc":{"start":{"line":317,"column":12},"end":{"line":319,"column":13}},"type":"if","locations":[{"start":{"line":317,"column":12},"end":{"line":319,"column":13}},{"start":{"line":317,"column":12},"end":{"line":319,"column":13}}],"line":317},"31":{"loc":{"start":{"line":328,"column":31},"end":{"line":328,"column":106}},"type":"cond-expr","locations":[{"start":{"line":328,"column":62},"end":{"line":328,"column":91}},{"start":{"line":328,"column":94},"end":{"line":328,"column":106}}],"line":328},"32":{"loc":{"start":{"line":345,"column":26},"end":{"line":345,"column":62}},"type":"cond-expr","locations":[{"start":{"line":345,"column":42},"end":{"line":345,"column":55}},{"start":{"line":345,"column":58},"end":{"line":345,"column":62}}],"line":345},"33":{"loc":{"start":{"line":346,"column":24},"end":{"line":346,"column":68}},"type":"cond-expr","locations":[{"start":{"line":346,"column":44},"end":{"line":346,"column":61}},{"start":{"line":346,"column":64},"end":{"line":346,"column":68}}],"line":346},"34":{"loc":{"start":{"line":353,"column":16},"end":{"line":362,"column":17}},"type":"if","locations":[{"start":{"line":353,"column":16},"end":{"line":362,"column":17}},{"start":{"line":353,"column":16},"end":{"line":362,"column":17}}],"line":353}},"s":{"0":1,"1":1,"2":1,"3":1,"4":1,"5":1,"6":0,"7":0,"8":0,"9":0,"10":0,"11":0,"12":0,"13":0,"14":0,"15":1,"16":0,"17":0,"18":0,"19":0,"20":0,"21":0,"22":0,"23":0,"24":0,"25":0,"26":0,"27":0,"28":0,"29":0,"30":0,"31":0,"32":0,"33":0,"34":0,"35":0,"36":0,"37":0,"38":0,"39":0,"40":0,"41":0,"42":0,"43":0,"44":0,"45":0,"46":0,"47":0,"48":0,"49":0,"50":0,"51":0,"52":0,"53":0,"54":0,"55":0,"56":0,"57":0,"58":0,"59":0,"60":0,"61":0,"62":0,"63":0,"64":0,"65":0,"66":0,"67":0,"68":0,"69":0,"70":0,"71":0,"72":0,"73":0,"74":0,"75":0,"76":0,"77":0,"78":0,"79":0,"80":0,"81":1,"82":0,"83":0,"84":0,"85":0,"86":0,"87":0,"88":0,"89":0,"90":0,"91":0,"92":0,"93":0,"94":0,"95":0,"96":0,"97":0,"98":0,"99":0,"100":0,"101":0,"102":0,"103":1,"104":0,"105":0,"106":0,"107":0,"108":0,"109":0,"110":0,"111":0,"112":0,"113":0,"114":0,"115":0,"116":0,"117":0,"118":0,"119":0,"120":0,"121":0,"122":0,"123":0,"124":0,"125":0,"126":0,"127":0,"128":0,"129":0,"130":0,"131":0,"132":0,"133":0,"134":0,"135":0,"136":0,"137":0,"138":0,"139":0,"140":0,"141":0,"142":0,"143":0,"144":0},"f":{"0":0,"1":0,"2":0,"3":0,"4":0,"5":0,"6":0,"7":0,"8":0,"9":0,"10":0,"11":0,"12":0,"13":0,"14":0,"15":0,"16":0,"17":0,"18":0},"b":{"0":[0,0],"1":[0,0],"2":[0,0],"3":[0,0],"4":[0,0],"5":[0,0],"6":[0,0,0],"7":[0,0],"8":[0,0],"9":[0,0],"10":[0,0],"11":[0,0],"12":[0,0],"13":[0,0],"14":[0,0],"15":[0,0],"16":[0,0],"17":[0,0],"18":[0,0],"19":[0,0],"20":[0,0],"21":[0,0],"22":[0,0],"23":[0,0],"24":[0,0],"25":[0,0],"26":[0,0],"27":[0,0],"28":[0,0],"29":[0,0],"30":[0,0],"31":[0,0],"32":[0,0],"33":[0,0],"34":[0,0]},"_coverageSchema":"332fd63041d2c1bcb487cc26dd0d5f7d97098a6c","hash":"f5f88a392e06027611060d042ab94774feeb6efe","contentHash":"82eb79ede397fdca0da8e56f1952daba_10.3.2"},"/home/johngamboa/Classes/cse112/team2/routes/webapp/business/register.js":{"path":"/home/johngamboa/Classes/cse112/team2/routes/webapp/business/register.js","statementMap":{"0":{"start":{"line":2,"column":0},"end":{"line":4,"column":2}},"1":{"start":{"line":3,"column":4},"end":{"line":3,"column":53}}},"fnMap":{"0":{"name":"(anonymous_0)","decl":{"start":{"line":2,"column":14},"end":{"line":2,"column":15}},"loc":{"start":{"line":2,"column":34},"end":{"line":4,"column":1}},"line":2}},"branchMap":{},"s":{"0":1,"1":1},"f":{"0":1},"b":{},"_coverageSchema":"332fd63041d2c1bcb487cc26dd0d5f7d97098a6c","hash":"dd31d381f2572f484846520bf05a3ec485b05d0d","contentHash":"9edd3f5c344c2ffb5466a540b1638b8c_10.3.2"},"/home/johngamboa/Classes/cse112/team2/routes/webapp/business/dashboard.js":{"path":"/home/johngamboa/Classes/cse112/team2/routes/webapp/business/dashboard.js","statementMap":{"0":{"start":{"line":1,"column":11},"end":{"line":1,"column":39}},"1":{"start":{"line":2,"column":12},"end":{"line":2,"column":28}},"2":{"start":{"line":4,"column":0},"end":{"line":94,"column":2}},"3":{"start":{"line":6,"column":15},"end":{"line":6,"column":32}},"4":{"start":{"line":7,"column":15},"end":{"line":7,"column":32}},"5":{"start":{"line":8,"column":18},"end":{"line":8,"column":33}},"6":{"start":{"line":9,"column":20},"end":{"line":9,"column":63}},"7":{"start":{"line":11,"column":1},"end":{"line":92,"column":2}},"8":{"start":{"line":12,"column":2},"end":{"line":19,"column":5}},"9":{"start":{"line":20,"column":8},"end":{"line":92,"column":2}},"10":{"start":{"line":21,"column":2},"end":{"line":29,"column":5}},"11":{"start":{"line":32,"column":11},"end":{"line":32,"column":17}},"12":{"start":{"line":33,"column":21},"end":{"line":33,"column":43}},"13":{"start":{"line":34,"column":18},"end":{"line":34,"column":37}},"14":{"start":{"line":36,"column":20},"end":{"line":36,"column":22}},"15":{"start":{"line":38,"column":2},"end":{"line":73,"column":5}},"16":{"start":{"line":41,"column":23},"end":{"line":43,"column":5}},"17":{"start":{"line":42,"column":4},"end":{"line":42,"column":38}},"18":{"start":{"line":45,"column":24},"end":{"line":45,"column":25}},"19":{"start":{"line":46,"column":3},"end":{"line":46,"column":30}},"20":{"start":{"line":48,"column":3},"end":{"line":72,"column":4}},"21":{"start":{"line":49,"column":4},"end":{"line":69,"column":7}},"22":{"start":{"line":50,"column":20},"end":{"line":50,"column":22}},"23":{"start":{"line":53,"column":5},"end":{"line":53,"column":54}},"24":{"start":{"line":54,"column":5},"end":{"line":54,"column":47}},"25":{"start":{"line":55,"column":5},"end":{"line":55,"column":73}},"26":{"start":{"line":56,"column":5},"end":{"line":56,"column":53}},"27":{"start":{"line":58,"column":5},"end":{"line":68,"column":8}},"28":{"start":{"line":62,"column":6},"end":{"line":62,"column":42}},"29":{"start":{"line":63,"column":6},"end":{"line":63,"column":33}},"30":{"start":{"line":64,"column":6},"end":{"line":64,"column":23}},"31":{"start":{"line":65,"column":6},"end":{"line":67,"column":7}},"32":{"start":{"line":66,"column":7},"end":{"line":66,"column":25}},"33":{"start":{"line":71,"column":4},"end":{"line":71,"column":22}},"34":{"start":{"line":76,"column":3},"end":{"line":80,"column":6}},"35":{"start":{"line":84,"column":38},"end":{"line":84,"column":52}},"36":{"start":{"line":85,"column":32},"end":{"line":85,"column":138}},"37":{"start":{"line":86,"column":35},"end":{"line":86,"column":114}},"38":{"start":{"line":87,"column":23},"end":{"line":87,"column":74}},"39":{"start":{"line":88,"column":36},"end":{"line":88,"column":81}},"40":{"start":{"line":90,"column":12},"end":{"line":90,"column":37}}},"fnMap":{"0":{"name":"(anonymous_0)","decl":{"start":{"line":4,"column":14},"end":{"line":4,"column":15}},"loc":{"start":{"line":4,"column":34},"end":{"line":94,"column":1}},"line":4},"1":{"name":"(anonymous_1)","decl":{"start":{"line":40,"column":5},"end":{"line":40,"column":6}},"loc":{"start":{"line":40,"column":37},"end":{"line":73,"column":3}},"line":40},"2":{"name":"(anonymous_2)","decl":{"start":{"line":41,"column":43},"end":{"line":41,"column":44}},"loc":{"start":{"line":41,"column":67},"end":{"line":43,"column":4}},"line":41},"3":{"name":"(anonymous_3)","decl":{"start":{"line":49,"column":27},"end":{"line":49,"column":28}},"loc":{"start":{"line":49,"column":51},"end":{"line":69,"column":5}},"line":49},"4":{"name":"(anonymous_4)","decl":{"start":{"line":61,"column":8},"end":{"line":61,"column":9}},"loc":{"start":{"line":61,"column":41},"end":{"line":68,"column":6}},"line":61},"5":{"name":"renderDashboard","decl":{"start":{"line":75,"column":11},"end":{"line":75,"column":26}},"loc":{"start":{"line":75,"column":30},"end":{"line":81,"column":3}},"line":75},"6":{"name":"formatDate","decl":{"start":{"line":83,"column":11},"end":{"line":83,"column":21}},"loc":{"start":{"line":83,"column":29},"end":{"line":91,"column":9}},"line":83}},"branchMap":{"0":{"loc":{"start":{"line":11,"column":1},"end":{"line":92,"column":2}},"type":"if","locations":[{"start":{"line":11,"column":1},"end":{"line":92,"column":2}},{"start":{"line":11,"column":1},"end":{"line":92,"column":2}}],"line":11},"1":{"loc":{"start":{"line":20,"column":8},"end":{"line":92,"column":2}},"type":"if","locations":[{"start":{"line":20,"column":8},"end":{"line":92,"column":2}},{"start":{"line":20,"column":8},"end":{"line":92,"column":2}}],"line":20},"2":{"loc":{"start":{"line":48,"column":3},"end":{"line":72,"column":4}},"type":"if","locations":[{"start":{"line":48,"column":3},"end":{"line":72,"column":4}},{"start":{"line":48,"column":3},"end":{"line":72,"column":4}}],"line":48},"3":{"loc":{"start":{"line":65,"column":6},"end":{"line":67,"column":7}},"type":"if","locations":[{"start":{"line":65,"column":6},"end":{"line":67,"column":7}},{"start":{"line":65,"column":6},"end":{"line":67,"column":7}}],"line":65},"4":{"loc":{"start":{"line":85,"column":32},"end":{"line":85,"column":138}},"type":"cond-expr","locations":[{"start":{"line":85,"column":70},"end":{"line":85,"column":105}},{"start":{"line":85,"column":108},"end":{"line":85,"column":138}}],"line":85},"5":{"loc":{"start":{"line":86,"column":36},"end":{"line":86,"column":78}},"type":"cond-expr","locations":[{"start":{"line":86,"column":72},"end":{"line":86,"column":75}},{"start":{"line":86,"column":76},"end":{"line":86,"column":78}}],"line":86},"6":{"loc":{"start":{"line":87,"column":23},"end":{"line":87,"column":74}},"type":"cond-expr","locations":[{"start":{"line":87,"column":61},"end":{"line":87,"column":66}},{"start":{"line":87,"column":69},"end":{"line":87,"column":74}}],"line":87}},"s":{"0":1,"1":1,"2":1,"3":0,"4":0,"5":0,"6":0,"7":0,"8":0,"9":0,"10":0,"11":0,"12":0,"13":0,"14":0,"15":0,"16":0,"17":0,"18":0,"19":0,"20":0,"21":0,"22":0,"23":0,"24":0,"25":0,"26":0,"27":0,"28":0,"29":0,"30":0,"31":0,"32":0,"33":0,"34":0,"35":0,"36":0,"37":0,"38":0,"39":0,"40":0},"f":{"0":0,"1":0,"2":0,"3":0,"4":0,"5":0,"6":0},"b":{"0":[0,0],"1":[0,0],"2":[0,0],"3":[0,0],"4":[0,0],"5":[0,0],"6":[0,0]},"_coverageSchema":"332fd63041d2c1bcb487cc26dd0d5f7d97098a6c","hash":"9f81267240ac25c7ccee214edbe3947e6e98264a","contentHash":"01f5881cb759829c2a13d0383900621d_10.3.2"},"/home/johngamboa/Classes/cse112/team2/routes/webapp/business/addemployees.js":{"path":"/home/johngamboa/Classes/cse112/team2/routes/webapp/business/addemployees.js","statementMap":{"0":{"start":{"line":1,"column":13},"end":{"line":1,"column":30}},"1":{"start":{"line":2,"column":11},"end":{"line":2,"column":31}},"2":{"start":{"line":3,"column":12},"end":{"line":3,"column":28}},"3":{"start":{"line":5,"column":15},"end":{"line":5,"column":107}},"4":{"start":{"line":6,"column":15},"end":{"line":6,"column":42}},"5":{"start":{"line":14,"column":0},"end":{"line":71,"column":1}},"6":{"start":{"line":15,"column":21},"end":{"line":15,"column":27}},"7":{"start":{"line":16,"column":25},"end":{"line":16,"column":50}},"8":{"start":{"line":19,"column":25},"end":{"line":19,"column":56}},"9":{"start":{"line":21,"column":8},"end":{"line":70,"column":11}},"10":{"start":{"line":23,"column":16},"end":{"line":32,"column":19}},"11":{"start":{"line":27,"column":24},"end":{"line":27,"column":55}},"12":{"start":{"line":27,"column":36},"end":{"line":27,"column":53}},"13":{"start":{"line":28,"column":24},"end":{"line":28,"column":92}},"14":{"start":{"line":28,"column":41},"end":{"line":28,"column":90}},"15":{"start":{"line":30,"column":24},"end":{"line":30,"column":44}},"16":{"start":{"line":31,"column":24},"end":{"line":31,"column":29}},"17":{"start":{"line":35,"column":16},"end":{"line":51,"column":19}},"18":{"start":{"line":39,"column":20},"end":{"line":42,"column":21}},"19":{"start":{"line":40,"column":24},"end":{"line":40,"column":65}},"20":{"start":{"line":41,"column":24},"end":{"line":41,"column":41}},"21":{"start":{"line":43,"column":20},"end":{"line":45,"column":21}},"22":{"start":{"line":44,"column":24},"end":{"line":44,"column":73}},"23":{"start":{"line":47,"column":21},"end":{"line":47,"column":43}},"24":{"start":{"line":50,"column":21},"end":{"line":50,"column":26}},"25":{"start":{"line":57,"column":12},"end":{"line":59,"column":13}},"26":{"start":{"line":58,"column":16},"end":{"line":58,"column":26}},"27":{"start":{"line":61,"column":12},"end":{"line":68,"column":15}},"28":{"start":{"line":79,"column":0},"end":{"line":121,"column":1}},"29":{"start":{"line":81,"column":20},"end":{"line":81,"column":26}},"30":{"start":{"line":82,"column":21},"end":{"line":82,"column":46}},"31":{"start":{"line":83,"column":21},"end":{"line":83,"column":41}},"32":{"start":{"line":84,"column":15},"end":{"line":84,"column":33}},"33":{"start":{"line":85,"column":21},"end":{"line":85,"column":40}},"34":{"start":{"line":86,"column":21},"end":{"line":86,"column":40}},"35":{"start":{"line":88,"column":16},"end":{"line":88,"column":29}},"36":{"start":{"line":90,"column":15},"end":{"line":90,"column":57}},"37":{"start":{"line":93,"column":4},"end":{"line":120,"column":7}},"38":{"start":{"line":94,"column":8},"end":{"line":94,"column":22}},"39":{"start":{"line":95,"column":8},"end":{"line":104,"column":11}},"40":{"start":{"line":106,"column":27},"end":{"line":106,"column":226}},"41":{"start":{"line":108,"column":8},"end":{"line":117,"column":11}},"42":{"start":{"line":114,"column":12},"end":{"line":116,"column":13}},"43":{"start":{"line":115,"column":16},"end":{"line":115,"column":33}},"44":{"start":{"line":119,"column":8},"end":{"line":119,"column":38}},"45":{"start":{"line":166,"column":8},"end":{"line":166,"column":54}}},"fnMap":{"0":{"name":"(anonymous_0)","decl":{"start":{"line":14,"column":14},"end":{"line":14,"column":15}},"loc":{"start":{"line":14,"column":31},"end":{"line":71,"column":1}},"line":14},"1":{"name":"(anonymous_1)","decl":{"start":{"line":22,"column":22},"end":{"line":22,"column":23}},"loc":{"start":{"line":22,"column":35},"end":{"line":33,"column":13}},"line":22},"2":{"name":"(anonymous_2)","decl":{"start":{"line":26,"column":19},"end":{"line":26,"column":20}},"loc":{"start":{"line":26,"column":41},"end":{"line":32,"column":17}},"line":26},"3":{"name":"(anonymous_3)","decl":{"start":{"line":34,"column":25},"end":{"line":34,"column":26}},"loc":{"start":{"line":34,"column":38},"end":{"line":52,"column":13}},"line":34},"4":{"name":"(anonymous_4)","decl":{"start":{"line":37,"column":53},"end":{"line":37,"column":54}},"loc":{"start":{"line":37,"column":75},"end":{"line":51,"column":17}},"line":37},"5":{"name":"(anonymous_5)","decl":{"start":{"line":55,"column":8},"end":{"line":55,"column":9}},"loc":{"start":{"line":55,"column":29},"end":{"line":70,"column":9}},"line":55},"6":{"name":"(anonymous_6)","decl":{"start":{"line":79,"column":15},"end":{"line":79,"column":16}},"loc":{"start":{"line":79,"column":37},"end":{"line":121,"column":1}},"line":79},"7":{"name":"(anonymous_7)","decl":{"start":{"line":93,"column":48},"end":{"line":93,"column":49}},"loc":{"start":{"line":93,"column":66},"end":{"line":120,"column":5}},"line":93},"8":{"name":"(anonymous_8)","decl":{"start":{"line":113,"column":11},"end":{"line":113,"column":12}},"loc":{"start":{"line":113,"column":25},"end":{"line":117,"column":9}},"line":113},"9":{"name":"randomToken","decl":{"start":{"line":165,"column":10},"end":{"line":165,"column":21}},"loc":{"start":{"line":165,"column":24},"end":{"line":167,"column":5}},"line":165}},"branchMap":{"0":{"loc":{"start":{"line":27,"column":24},"end":{"line":27,"column":55}},"type":"if","locations":[{"start":{"line":27,"column":24},"end":{"line":27,"column":55}},{"start":{"line":27,"column":24},"end":{"line":27,"column":55}}],"line":27},"1":{"loc":{"start":{"line":28,"column":24},"end":{"line":28,"column":92}},"type":"if","locations":[{"start":{"line":28,"column":24},"end":{"line":28,"column":92}},{"start":{"line":28,"column":24},"end":{"line":28,"column":92}}],"line":28},"2":{"loc":{"start":{"line":39,"column":20},"end":{"line":42,"column":21}},"type":"if","locations":[{"start":{"line":39,"column":20},"end":{"line":42,"column":21}},{"start":{"line":39,"column":20},"end":{"line":42,"column":21}}],"line":39},"3":{"loc":{"start":{"line":43,"column":20},"end":{"line":45,"column":21}},"type":"if","locations":[{"start":{"line":43,"column":20},"end":{"line":45,"column":21}},{"start":{"line":43,"column":20},"end":{"line":45,"column":21}}],"line":43},"4":{"loc":{"start":{"line":57,"column":12},"end":{"line":59,"column":13}},"type":"if","locations":[{"start":{"line":57,"column":12},"end":{"line":59,"column":13}},{"start":{"line":57,"column":12},"end":{"line":59,"column":13}}],"line":57},"5":{"loc":{"start":{"line":114,"column":12},"end":{"line":116,"column":13}},"type":"if","locations":[{"start":{"line":114,"column":12},"end":{"line":116,"column":13}},{"start":{"line":114,"column":12},"end":{"line":116,"column":13}}],"line":114}},"s":{"0":1,"1":1,"2":1,"3":1,"4":1,"5":1,"6":0,"7":0,"8":0,"9":0,"10":0,"11":0,"12":0,"13":0,"14":0,"15":0,"16":0,"17":0,"18":0,"19":0,"20":0,"21":0,"22":0,"23":0,"24":0,"25":0,"26":0,"27":0,"28":1,"29":0,"30":0,"31":0,"32":0,"33":0,"34":0,"35":0,"36":0,"37":0,"38":0,"39":0,"40":0,"41":0,"42":0,"43":0,"44":0,"45":0},"f":{"0":0,"1":0,"2":0,"3":0,"4":0,"5":0,"6":0,"7":0,"8":0,"9":0},"b":{"0":[0,0],"1":[0,0],"2":[0,0],"3":[0,0],"4":[0,0],"5":[0,0]},"_coverageSchema":"332fd63041d2c1bcb487cc26dd0d5f7d97098a6c","hash":"a0f2e7d16edf48fa080ec8ee252efaa103fa5aa7","contentHash":"92d6a20c5899a6e2fe6dfdca6f54bc11_10.3.2"},"/home/johngamboa/Classes/cse112/team2/routes/webapp/business/scheduleappointment.js":{"path":"/home/johngamboa/Classes/cse112/team2/routes/webapp/business/scheduleappointment.js","statementMap":{"0":{"start":{"line":1,"column":0},"end":{"line":13,"column":2}},"1":{"start":{"line":2,"column":18},"end":{"line":2,"column":41}},"2":{"start":{"line":4,"column":2},"end":{"line":12,"column":5}},"3":{"start":{"line":5,"column":4},"end":{"line":11,"column":7}},"4":{"start":{"line":15,"column":0},"end":{"line":34,"column":2}},"5":{"start":{"line":16,"column":16},"end":{"line":16,"column":24}},"6":{"start":{"line":17,"column":17},"end":{"line":17,"column":37}},"7":{"start":{"line":18,"column":17},"end":{"line":18,"column":32}},"8":{"start":{"line":20,"column":21},"end":{"line":20,"column":47}},"9":{"start":{"line":22,"column":2},"end":{"line":31,"column":5}},"10":{"start":{"line":33,"column":2},"end":{"line":33,"column":39}}},"fnMap":{"0":{"name":"(anonymous_0)","decl":{"start":{"line":1,"column":14},"end":{"line":1,"column":15}},"loc":{"start":{"line":1,"column":33},"end":{"line":13,"column":1}},"line":1},"1":{"name":"(anonymous_1)","decl":{"start":{"line":4,"column":67},"end":{"line":4,"column":68}},"loc":{"start":{"line":4,"column":89},"end":{"line":12,"column":3}},"line":4},"2":{"name":"(anonymous_2)","decl":{"start":{"line":15,"column":15},"end":{"line":15,"column":16}},"loc":{"start":{"line":15,"column":34},"end":{"line":34,"column":1}},"line":15}},"branchMap":{},"s":{"0":1,"1":0,"2":0,"3":0,"4":1,"5":0,"6":0,"7":0,"8":0,"9":0,"10":0},"f":{"0":0,"1":0,"2":0},"b":{},"_coverageSchema":"332fd63041d2c1bcb487cc26dd0d5f7d97098a6c","hash":"9f5cf4012f6ff79434d319b52c22e050668fdb2f","contentHash":"15a18a6989f13cddfd78fa487e711de9_10.3.2"},"/home/johngamboa/Classes/cse112/team2/routes/webapp/business/employeeregister.js":{"path":"/home/johngamboa/Classes/cse112/team2/routes/webapp/business/employeeregister.js","statementMap":{"0":{"start":{"line":1,"column":0},"end":{"line":3,"column":2}},"1":{"start":{"line":2,"column":2},"end":{"line":2,"column":60}}},"fnMap":{"0":{"name":"(anonymous_0)","decl":{"start":{"line":1,"column":14},"end":{"line":1,"column":15}},"loc":{"start":{"line":1,"column":31},"end":{"line":3,"column":1}},"line":1}},"branchMap":{},"s":{"0":1,"1":0},"f":{"0":0},"b":{},"_coverageSchema":"332fd63041d2c1bcb487cc26dd0d5f7d97098a6c","hash":"da633ed0753cda65e4171ef1a8a1702ad7349616","contentHash":"b75e869d1d420a61aacc1ae922de41d2_10.3.2"},"/home/johngamboa/Classes/cse112/team2/routes/webapp/business/businesssetting.js":{"path":"/home/johngamboa/Classes/cse112/team2/routes/webapp/business/businesssetting.js","statementMap":{"0":{"start":{"line":1,"column":11},"end":{"line":1,"column":40}},"1":{"start":{"line":3,"column":0},"end":{"line":113,"column":2}},"2":{"start":{"line":4,"column":13},"end":{"line":4,"column":19}},"3":{"start":{"line":5,"column":21},"end":{"line":5,"column":41}},"4":{"start":{"line":6,"column":14},"end":{"line":6,"column":34}},"5":{"start":{"line":8,"column":22},"end":{"line":8,"column":42}},"6":{"start":{"line":9,"column":16},"end":{"line":9,"column":30}},"7":{"start":{"line":10,"column":22},"end":{"line":10,"column":42}},"8":{"start":{"line":11,"column":22},"end":{"line":11,"column":42}},"9":{"start":{"line":12,"column":26},"end":{"line":12,"column":50}},"10":{"start":{"line":13,"column":4},"end":{"line":110,"column":7}},"11":{"start":{"line":14,"column":8},"end":{"line":16,"column":13}},"12":{"start":{"line":15,"column":16},"end":{"line":15,"column":33}},"13":{"start":{"line":17,"column":25},"end":{"line":17,"column":31}},"14":{"start":{"line":18,"column":25},"end":{"line":18,"column":40}},"15":{"start":{"line":20,"column":8},"end":{"line":108,"column":9}},"16":{"start":{"line":22,"column":12},"end":{"line":65,"column":13}},"17":{"start":{"line":23,"column":16},"end":{"line":23,"column":41}},"18":{"start":{"line":25,"column":16},"end":{"line":25,"column":47}},"19":{"start":{"line":26,"column":16},"end":{"line":26,"column":91}},"20":{"start":{"line":27,"column":16},"end":{"line":31,"column":19}},"21":{"start":{"line":34,"column":16},"end":{"line":34,"column":48}},"22":{"start":{"line":35,"column":16},"end":{"line":63,"column":17}},"23":{"start":{"line":38,"column":20},"end":{"line":38,"column":38}},"24":{"start":{"line":39,"column":20},"end":{"line":45,"column":23}},"25":{"start":{"line":46,"column":20},"end":{"line":46,"column":51}},"26":{"start":{"line":47,"column":20},"end":{"line":47,"column":95}},"27":{"start":{"line":48,"column":20},"end":{"line":52,"column":23}},"28":{"start":{"line":55,"column":20},"end":{"line":55,"column":45}},"29":{"start":{"line":56,"column":20},"end":{"line":56,"column":51}},"30":{"start":{"line":57,"column":20},"end":{"line":57,"column":95}},"31":{"start":{"line":58,"column":20},"end":{"line":62,"column":23}},"32":{"start":{"line":69,"column":13},"end":{"line":108,"column":9}},"33":{"start":{"line":70,"column":30},"end":{"line":70,"column":73}},"34":{"start":{"line":71,"column":16},"end":{"line":96,"column":17}},"35":{"start":{"line":72,"column":20},"end":{"line":72,"column":65}},"36":{"start":{"line":73,"column":20},"end":{"line":77,"column":23}},"37":{"start":{"line":78,"column":20},"end":{"line":78,"column":45}},"38":{"start":{"line":79,"column":20},"end":{"line":79,"column":51}},"39":{"start":{"line":80,"column":20},"end":{"line":80,"column":95}},"40":{"start":{"line":81,"column":20},"end":{"line":85,"column":23}},"41":{"start":{"line":88,"column":20},"end":{"line":88,"column":45}},"42":{"start":{"line":89,"column":20},"end":{"line":89,"column":51}},"43":{"start":{"line":90,"column":20},"end":{"line":90,"column":95}},"44":{"start":{"line":91,"column":20},"end":{"line":95,"column":23}},"45":{"start":{"line":99,"column":12},"end":{"line":99,"column":37}},"46":{"start":{"line":100,"column":12},"end":{"line":100,"column":43}},"47":{"start":{"line":101,"column":12},"end":{"line":101,"column":87}},"48":{"start":{"line":102,"column":12},"end":{"line":106,"column":15}}},"fnMap":{"0":{"name":"(anonymous_0)","decl":{"start":{"line":3,"column":15},"end":{"line":3,"column":16}},"loc":{"start":{"line":3,"column":35},"end":{"line":113,"column":1}},"line":3},"1":{"name":"(anonymous_1)","decl":{"start":{"line":13,"column":29},"end":{"line":13,"column":30}},"loc":{"start":{"line":13,"column":52},"end":{"line":110,"column":5}},"line":13}},"branchMap":{"0":{"loc":{"start":{"line":14,"column":8},"end":{"line":16,"column":13}},"type":"if","locations":[{"start":{"line":14,"column":8},"end":{"line":16,"column":13}},{"start":{"line":14,"column":8},"end":{"line":16,"column":13}}],"line":14},"1":{"loc":{"start":{"line":20,"column":8},"end":{"line":108,"column":9}},"type":"if","locations":[{"start":{"line":20,"column":8},"end":{"line":108,"column":9}},{"start":{"line":20,"column":8},"end":{"line":108,"column":9}}],"line":20},"2":{"loc":{"start":{"line":20,"column":11},"end":{"line":20,"column":32}},"type":"binary-expr","locations":[{"start":{"line":20,"column":11},"end":{"line":20,"column":16}},{"start":{"line":20,"column":21},"end":{"line":20,"column":32}}],"line":20},"3":{"loc":{"start":{"line":22,"column":12},"end":{"line":65,"column":13}},"type":"if","locations":[{"start":{"line":22,"column":12},"end":{"line":65,"column":13}},{"start":{"line":22,"column":12},"end":{"line":65,"column":13}}],"line":22},"4":{"loc":{"start":{"line":22,"column":16},"end":{"line":22,"column":50}},"type":"binary-expr","locations":[{"start":{"line":22,"column":16},"end":{"line":22,"column":34}},{"start":{"line":22,"column":38},"end":{"line":22,"column":50}}],"line":22},"5":{"loc":{"start":{"line":35,"column":16},"end":{"line":63,"column":17}},"type":"if","locations":[{"start":{"line":35,"column":16},"end":{"line":63,"column":17}},{"start":{"line":35,"column":16},"end":{"line":63,"column":17}}],"line":35},"6":{"loc":{"start":{"line":69,"column":13},"end":{"line":108,"column":9}},"type":"if","locations":[{"start":{"line":69,"column":13},"end":{"line":108,"column":9}},{"start":{"line":69,"column":13},"end":{"line":108,"column":9}}],"line":69},"7":{"loc":{"start":{"line":69,"column":17},"end":{"line":69,"column":62}},"type":"binary-expr","locations":[{"start":{"line":69,"column":17},"end":{"line":69,"column":28}},{"start":{"line":69,"column":32},"end":{"line":69,"column":43}},{"start":{"line":69,"column":47},"end":{"line":69,"column":62}}],"line":69},"8":{"loc":{"start":{"line":71,"column":16},"end":{"line":96,"column":17}},"type":"if","locations":[{"start":{"line":71,"column":16},"end":{"line":96,"column":17}},{"start":{"line":71,"column":16},"end":{"line":96,"column":17}}],"line":71},"9":{"loc":{"start":{"line":71,"column":20},"end":{"line":71,"column":63}},"type":"binary-expr","locations":[{"start":{"line":71,"column":20},"end":{"line":71,"column":27}},{"start":{"line":71,"column":32},"end":{"line":71,"column":63}}],"line":71}},"s":{"0":1,"1":1,"2":0,"3":0,"4":0,"5":0,"6":0,"7":0,"8":0,"9":0,"10":0,"11":0,"12":0,"13":0,"14":0,"15":0,"16":0,"17":0,"18":0,"19":0,"20":0,"21":0,"22":0,"23":0,"24":0,"25":0,"26":0,"27":0,"28":0,"29":0,"30":0,"31":0,"32":0,"33":0,"34":0,"35":0,"36":0,"37":0,"38":0,"39":0,"40":0,"41":0,"42":0,"43":0,"44":0,"45":0,"46":0,"47":0,"48":0},"f":{"0":0,"1":0},"b":{"0":[0,0],"1":[0,0],"2":[0,0],"3":[0,0],"4":[0,0],"5":[0,0],"6":[0,0],"7":[0,0,0],"8":[0,0],"9":[0,0]},"_coverageSchema":"332fd63041d2c1bcb487cc26dd0d5f7d97098a6c","hash":"cda9a02ea972277dab483f5ab7db17520d3aad7b","contentHash":"08901691390c782ebc9f22b668062778_10.3.2"},"/home/johngamboa/Classes/cse112/team2/routes/webapp/business/forms.js":{"path":"/home/johngamboa/Classes/cse112/team2/routes/webapp/business/forms.js","statementMap":{"0":{"start":{"line":1,"column":13},"end":{"line":1,"column":30}},"1":{"start":{"line":2,"column":11},"end":{"line":2,"column":31}},"2":{"start":{"line":3,"column":12},"end":{"line":3,"column":28}},"3":{"start":{"line":5,"column":15},"end":{"line":5,"column":107}},"4":{"start":{"line":6,"column":15},"end":{"line":6,"column":42}},"5":{"start":{"line":21,"column":0},"end":{"line":37,"column":1}},"6":{"start":{"line":23,"column":20},"end":{"line":23,"column":26}},"7":{"start":{"line":24,"column":21},"end":{"line":24,"column":46}},"8":{"start":{"line":25,"column":21},"end":{"line":25,"column":41}},"9":{"start":{"line":26,"column":15},"end":{"line":26,"column":33}},"10":{"start":{"line":27,"column":21},"end":{"line":27,"column":40}},"11":{"start":{"line":28,"column":21},"end":{"line":28,"column":40}},"12":{"start":{"line":31,"column":8},"end":{"line":36,"column":7}}},"fnMap":{"0":{"name":"(anonymous_0)","decl":{"start":{"line":21,"column":14},"end":{"line":21,"column":15}},"loc":{"start":{"line":21,"column":36},"end":{"line":37,"column":1}},"line":21}},"branchMap":{},"s":{"0":1,"1":1,"2":1,"3":1,"4":1,"5":1,"6":0,"7":0,"8":0,"9":0,"10":0,"11":0,"12":0},"f":{"0":0},"b":{},"_coverageSchema":"332fd63041d2c1bcb487cc26dd0d5f7d97098a6c","hash":"2497477edcb332aeac96cacc330ec704bc9a9381","contentHash":"d9645257380f9dba297de23af42a074c_10.3.2"},"/home/johngamboa/Classes/cse112/team2/routes/webapp/checkin/index.js":{"path":"/home/johngamboa/Classes/cse112/team2/routes/webapp/checkin/index.js","statementMap":{"0":{"start":{"line":1,"column":14},"end":{"line":1,"column":32}},"1":{"start":{"line":2,"column":13},"end":{"line":2,"column":29}},"2":{"start":{"line":5,"column":14},"end":{"line":5,"column":34}},"3":{"start":{"line":6,"column":13},"end":{"line":6,"column":32}},"4":{"start":{"line":7,"column":15},"end":{"line":7,"column":36}},"5":{"start":{"line":8,"column":17},"end":{"line":8,"column":40}},"6":{"start":{"line":9,"column":11},"end":{"line":9,"column":28}},"7":{"start":{"line":10,"column":11},"end":{"line":10,"column":28}},"8":{"start":{"line":13,"column":0},"end":{"line":13,"column":56}},"9":{"start":{"line":14,"column":0},"end":{"line":14,"column":58}},"10":{"start":{"line":19,"column":0},"end":{"line":19,"column":58}},"11":{"start":{"line":21,"column":0},"end":{"line":21,"column":62}},"12":{"start":{"line":22,"column":0},"end":{"line":22,"column":64}},"13":{"start":{"line":24,"column":0},"end":{"line":24,"column":50}},"14":{"start":{"line":25,"column":0},"end":{"line":25,"column":52}},"15":{"start":{"line":27,"column":0},"end":{"line":27,"column":50}},"16":{"start":{"line":29,"column":0},"end":{"line":29,"column":24}},"17":{"start":{"line":36,"column":4},"end":{"line":83,"column":5}},"18":{"start":{"line":37,"column":8},"end":{"line":48,"column":11}},"19":{"start":{"line":38,"column":12},"end":{"line":40,"column":13}},"20":{"start":{"line":39,"column":16},"end":{"line":39,"column":33}},"21":{"start":{"line":41,"column":12},"end":{"line":41,"column":44}},"22":{"start":{"line":42,"column":12},"end":{"line":47,"column":15}},"23":{"start":{"line":43,"column":16},"end":{"line":45,"column":17}},"24":{"start":{"line":44,"column":20},"end":{"line":44,"column":37}},"25":{"start":{"line":46,"column":16},"end":{"line":46,"column":23}},"26":{"start":{"line":49,"column":11},"end":{"line":83,"column":5}},"27":{"start":{"line":52,"column":8},"end":{"line":68,"column":11}},"28":{"start":{"line":53,"column":12},"end":{"line":55,"column":13}},"29":{"start":{"line":54,"column":16},"end":{"line":54,"column":33}},"30":{"start":{"line":56,"column":12},"end":{"line":67,"column":15}},"31":{"start":{"line":57,"column":16},"end":{"line":59,"column":17}},"32":{"start":{"line":58,"column":20},"end":{"line":58,"column":37}},"33":{"start":{"line":60,"column":16},"end":{"line":60,"column":48}},"34":{"start":{"line":61,"column":16},"end":{"line":66,"column":19}},"35":{"start":{"line":62,"column":20},"end":{"line":64,"column":21}},"36":{"start":{"line":63,"column":24},"end":{"line":63,"column":41}},"37":{"start":{"line":65,"column":20},"end":{"line":65,"column":27}},"38":{"start":{"line":71,"column":8},"end":{"line":82,"column":11}},"39":{"start":{"line":72,"column":12},"end":{"line":74,"column":13}},"40":{"start":{"line":73,"column":16},"end":{"line":73,"column":33}},"41":{"start":{"line":75,"column":12},"end":{"line":75,"column":44}},"42":{"start":{"line":76,"column":12},"end":{"line":81,"column":15}},"43":{"start":{"line":77,"column":16},"end":{"line":79,"column":17}},"44":{"start":{"line":78,"column":20},"end":{"line":78,"column":37}},"45":{"start":{"line":80,"column":16},"end":{"line":80,"column":23}}},"fnMap":{"0":{"name":"updateBusiness","decl":{"start":{"line":34,"column":9},"end":{"line":34,"column":23}},"loc":{"start":{"line":34,"column":40},"end":{"line":84,"column":1}},"line":34},"1":{"name":"(anonymous_1)","decl":{"start":{"line":37,"column":57},"end":{"line":37,"column":58}},"loc":{"start":{"line":37,"column":82},"end":{"line":48,"column":9}},"line":37},"2":{"name":"(anonymous_2)","decl":{"start":{"line":42,"column":29},"end":{"line":42,"column":30}},"loc":{"start":{"line":42,"column":44},"end":{"line":47,"column":13}},"line":42},"3":{"name":"(anonymous_3)","decl":{"start":{"line":52,"column":28},"end":{"line":52,"column":29}},"loc":{"start":{"line":52,"column":43},"end":{"line":68,"column":9}},"line":52},"4":{"name":"(anonymous_4)","decl":{"start":{"line":56,"column":61},"end":{"line":56,"column":62}},"loc":{"start":{"line":56,"column":86},"end":{"line":67,"column":13}},"line":56},"5":{"name":"(anonymous_5)","decl":{"start":{"line":61,"column":33},"end":{"line":61,"column":34}},"loc":{"start":{"line":61,"column":48},"end":{"line":66,"column":17}},"line":61},"6":{"name":"(anonymous_6)","decl":{"start":{"line":71,"column":57},"end":{"line":71,"column":58}},"loc":{"start":{"line":71,"column":82},"end":{"line":82,"column":9}},"line":71},"7":{"name":"(anonymous_7)","decl":{"start":{"line":76,"column":29},"end":{"line":76,"column":30}},"loc":{"start":{"line":76,"column":44},"end":{"line":81,"column"
[...]
:{"start":{"line":42,"column":4},"end":{"line":42,"column":18}},"25":{"start":{"line":43,"column":4},"end":{"line":43,"column":18}},"26":{"start":{"line":45,"column":4},"end":{"line":45,"column":13}},"27":{"start":{"line":56,"column":21},"end":{"line":56,"column":41}},"28":{"start":{"line":57,"column":16},"end":{"line":57,"column":31}},"29":{"start":{"line":60,"column":4},"end":{"line":87,"column":7}},"30":{"start":{"line":61,"column":8},"end":{"line":63,"column":9}},"31":{"start":{"line":62,"column":12},"end":{"line":62,"column":27}},"32":{"start":{"line":64,"column":8},"end":{"line":66,"column":9}},"33":{"start":{"line":65,"column":12},"end":{"line":65,"column":70}},"34":{"start":{"line":67,"column":8},"end":{"line":86,"column":11}},"35":{"start":{"line":68,"column":12},"end":{"line":70,"column":13}},"36":{"start":{"line":69,"column":16},"end":{"line":69,"column":31}},"37":{"start":{"line":71,"column":12},"end":{"line":73,"column":13}},"38":{"start":{"line":72,"column":16},"end":{"line":72,"column":83}},"39":{"start":{"line":75,"column":27},"end":{"line":75,"column":137}},"40":{"start":{"line":77,"column":12},"end":{"line":79,"column":15}},"41":{"start":{"line":78,"column":16},"end":{"line":78,"column":62}},"42":{"start":{"line":81,"column":12},"end":{"line":81,"column":43}},"43":{"start":{"line":83,"column":12},"end":{"line":83,"column":34}},"44":{"start":{"line":85,"column":12},"end":{"line":85,"column":31}},"45":{"start":{"line":90,"column":0},"end":{"line":107,"column":2}},"46":{"start":{"line":91,"column":19},"end":{"line":91,"column":39}},"47":{"start":{"line":92,"column":4},"end":{"line":106,"column":7}},"48":{"start":{"line":93,"column":8},"end":{"line":95,"column":9}},"49":{"start":{"line":94,"column":12},"end":{"line":94,"column":29}},"50":{"start":{"line":96,"column":8},"end":{"line":105,"column":11}},"51":{"start":{"line":109,"column":0},"end":{"line":199,"column":2}},"52":{"start":{"line":110,"column":13},"end":{"line":110,"column":19}},"53":{"start":{"line":111,"column":16},"end":{"line":111,"column":31}},"54":{"start":{"line":113,"column":19},"end":{"line":113,"column":39}},"55":{"start":{"line":115,"column":4},"end":{"line":198,"column":7}},"56":{"start":{"line":116,"column":8},"end":{"line":118,"column":9}},"57":{"start":{"line":117,"column":12},"end":{"line":117,"column":29}},"58":{"start":{"line":119,"column":8},"end":{"line":121,"column":9}},"59":{"start":{"line":120,"column":12},"end":{"line":120,"column":83}},"60":{"start":{"line":124,"column":20},"end":{"line":128,"column":10}},"61":{"start":{"line":125,"column":23},"end":{"line":125,"column":34}},"62":{"start":{"line":127,"column":12},"end":{"line":127,"column":68}},"63":{"start":{"line":130,"column":8},"end":{"line":197,"column":9}},"64":{"start":{"line":131,"column":12},"end":{"line":143,"column":15}},"65":{"start":{"line":132,"column":16},"end":{"line":142,"column":19}},"66":{"start":{"line":145,"column":32},"end":{"line":145,"column":55}},"67":{"start":{"line":146,"column":31},"end":{"line":149,"column":13}},"68":{"start":{"line":151,"column":12},"end":{"line":157,"column":15}},"69":{"start":{"line":152,"column":27},"end":{"line":152,"column":38}},"70":{"start":{"line":153,"column":16},"end":{"line":156,"column":19}},"71":{"start":{"line":159,"column":12},"end":{"line":196,"column":15}},"72":{"start":{"line":160,"column":16},"end":{"line":162,"column":17}},"73":{"start":{"line":161,"column":20},"end":{"line":161,"column":37}},"74":{"start":{"line":165,"column":36},"end":{"line":165,"column":61}},"75":{"start":{"line":166,"column":16},"end":{"line":195,"column":19}},"76":{"start":{"line":171,"column":20},"end":{"line":173,"column":21}},"77":{"start":{"line":172,"column":24},"end":{"line":172,"column":41}},"78":{"start":{"line":174,"column":20},"end":{"line":176,"column":21}},"79":{"start":{"line":175,"column":24},"end":{"line":175,"column":72}},"80":{"start":{"line":179,"column":20},"end":{"line":194,"column":23}},"81":{"start":{"line":180,"column":24},"end":{"line":182,"column":25}},"82":{"start":{"line":181,"column":28},"end":{"line":181,"column":45}},"83":{"start":{"line":183,"column":24},"end":{"line":185,"column":25}},"84":{"start":{"line":184,"column":28},"end":{"line":184,"column":73}},"85":{"start":{"line":187,"column":24},"end":{"line":193,"column":27}},"86":{"start":{"line":188,"column":28},"end":{"line":190,"column":29}},"87":{"start":{"line":189,"column":32},"end":{"line":189,"column":49}},"88":{"start":{"line":192,"column":28},"end":{"line":192,"column":49}}},"fnMap":{"0":{"name":"makeDropdown","decl":{"start":{"line":7,"column":9},"end":{"line":7,"column":21}},"loc":{"start":{"line":7,"column":43},"end":{"line":14,"column":1}},"line":7},"1":{"name":"(anonymous_1)","decl":{"start":{"line":9,"column":20},"end":{"line":9,"column":21}},"loc":{"start":{"line":9,"column":38},"end":{"line":11,"column":5}},"line":9},"2":{"name":"makeTextfield","decl":{"start":{"line":16,"column":9},"end":{"line":16,"column":22}},"loc":{"start":{"line":16,"column":35},"end":{"line":18,"column":1}},"line":16},"3":{"name":"makeFormGroup","decl":{"start":{"line":20,"column":9},"end":{"line":20,"column":22}},"loc":{"start":{"line":20,"column":43},"end":{"line":36,"column":1}},"line":20},"4":{"name":"makeSubmitButton","decl":{"start":{"line":38,"column":9},"end":{"line":38,"column":25}},"loc":{"start":{"line":38,"column":28},"end":{"line":46,"column":1}},"line":38},"5":{"name":"makeForm","decl":{"start":{"line":55,"column":9},"end":{"line":55,"column":17}},"loc":{"start":{"line":55,"column":44},"end":{"line":88,"column":1}},"line":55},"6":{"name":"(anonymous_6)","decl":{"start":{"line":60,"column":36},"end":{"line":60,"column":37}},"loc":{"start":{"line":60,"column":61},"end":{"line":87,"column":5}},"line":60},"7":{"name":"(anonymous_7)","decl":{"start":{"line":67,"column":48},"end":{"line":67,"column":49}},"loc":{"start":{"line":67,"column":69},"end":{"line":86,"column":9}},"line":67},"8":{"name":"(anonymous_8)","decl":{"start":{"line":77,"column":32},"end":{"line":77,"column":33}},"loc":{"start":{"line":77,"column":56},"end":{"line":79,"column":13}},"line":77},"9":{"name":"(anonymous_9)","decl":{"start":{"line":90,"column":14},"end":{"line":90,"column":15}},"loc":{"start":{"line":90,"column":40},"end":{"line":107,"column":1}},"line":90},"10":{"name":"(anonymous_10)","decl":{"start":{"line":92,"column":40},"end":{"line":92,"column":41}},"loc":{"start":{"line":92,"column":65},"end":{"line":106,"column":5}},"line":92},"11":{"name":"(anonymous_11)","decl":{"start":{"line":109,"column":15},"end":{"line":109,"column":16}},"loc":{"start":{"line":109,"column":41},"end":{"line":199,"column":1}},"line":109},"12":{"name":"(anonymous_12)","decl":{"start":{"line":115,"column":54},"end":{"line":115,"column":55}},"loc":{"start":{"line":115,"column":75},"end":{"line":198,"column":5}},"line":115},"13":{"name":"(anonymous_13)","decl":{"start":{"line":124,"column":41},"end":{"line":124,"column":42}},"loc":{"start":{"line":124,"column":65},"end":{"line":128,"column":9}},"line":124},"14":{"name":"(anonymous_14)","decl":{"start":{"line":131,"column":50},"end":{"line":131,"column":51}},"loc":{"start":{"line":131,"column":70},"end":{"line":143,"column":13}},"line":131},"15":{"name":"(anonymous_15)","decl":{"start":{"line":151,"column":32},"end":{"line":151,"column":33}},"loc":{"start":{"line":151,"column":56},"end":{"line":157,"column":13}},"line":151},"16":{"name":"(anonymous_16)","decl":{"start":{"line":159,"column":47},"end":{"line":159,"column":48}},"loc":{"start":{"line":159,"column":62},"end":{"line":196,"column":13}},"line":159},"17":{"name":"(anonymous_17)","decl":{"start":{"line":170,"column":19},"end":{"line":170,"column":20}},"loc":{"start":{"line":170,"column":40},"end":{"line":195,"column":17}},"line":170},"18":{"name":"(anonymous_18)","decl":{"start":{"line":179,"column":64},"end":{"line":179,"column":65}},"loc":{"start":{"line":179,"column":89},"end":{"line":194,"column":21}},"line":179},"19":{"name":"(anonymous_19)","decl":{"start":{"line":187,"column":123},"end":{"line":187,"column":124}},"loc":{"start":{"line":187,"column":138},"end":{"line":193,"column":25}},"line":187}},"branchMap":{"0":{"loc":{"start":{"line":10,"column":46},"end":{"line":10,"column":85}},"type":"cond-expr","locations":[{"start":{"line":10,"column":70},"end":{"line":10,"column":80}},{"start":{"line":10,"column":83},"end":{"line":10,"column":85}}],"line":10},"1":{"loc":{"start":{"line":17,"column":114},"end":{"line":17,"column":130}},"type":"binary-expr","locations":[{"start":{"line":17,"column":114},"end":{"line":17,"column":124}},{"start":{"line":17,"column":128},"end":{"line":17,"column":130}}],"line":17},"2":{"loc":{"start":{"line":27,"column":4},"end":{"line":31,"column":5}},"type":"if","locations":[{"start":{"line":27,"column":4},"end":{"line":31,"column":5}},{"start":{"line":27,"column":4},"end":{"line":31,"column":5}}],"line":27},"3":{"loc":{"start":{"line":29,"column":11},"end":{"line":31,"column":5}},"type":"if","locations":[{"start":{"line":29,"column":11},"end":{"line":31,"column":5}},{"start":{"line":29,"column":11},"end":{"line":31,"column":5}}],"line":29},"4":{"loc":{"start":{"line":61,"column":8},"end":{"line":63,"column":9}},"type":"if","locations":[{"start":{"line":61,"column":8},"end":{"line":63,"column":9}},{"start":{"line":61,"column":8},"end":{"line":63,"column":9}}],"line":61},"5":{"loc":{"start":{"line":64,"column":8},"end":{"line":66,"column":9}},"type":"if","locations":[{"start":{"line":64,"column":8},"end":{"line":66,"column":9}},{"start":{"line":64,"column":8},"end":{"line":66,"column":9}}],"line":64},"6":{"loc":{"start":{"line":68,"column":12},"end":{"line":70,"column":13}},"type":"if","locations":[{"start":{"line":68,"column":12},"end":{"line":70,"column":13}},{"start":{"line":68,"column":12},"end":{"line":70,"column":13}}],"line":68},"7":{"loc":{"start":{"line":71,"column":12},"end":{"line":73,"column":13}},"type":"if","locations":[{"start":{"line":71,"column":12},"end":{"line":73,"column":13}},{"start":{"line":71,"column":12},"end":{"line":73,"column":13}}],"line":71},"8":{"loc":{"start":{"line":93,"column":8},"end":{"line":95,"column":9}},"type":"if","locations":[{"start":{"line":93,"column":8},"end":{"line":95,"column":9}},{"start":{"line":93,"column":8},"end":{"line":95,"column":9}}],"line":93},"9":{"loc":{"start":{"line":116,"column":8},"end":{"line":118,"column":9}},"type":"if","locations":[{"start":{"line":116,"column":8},"end":{"line":118,"column":9}},{"start":{"line":116,"column":8},"end":{"line":118,"column":9}}],"line":116},"10":{"loc":{"start":{"line":119,"column":8},"end":{"line":121,"column":9}},"type":"if","locations":[{"start":{"line":119,"column":8},"end":{"line":121,"column":9}},{"start":{"line":119,"column":8},"end":{"line":121,"column":9}}],"line":119},"11":{"loc":{"start":{"line":127,"column":19},"end":{"line":127,"column":67}},"type":"binary-expr","locations":[{"start":{"line":127,"column":19},"end":{"line":127,"column":35}},{"start":{"line":127,"column":39},"end":{"line":127,"column":67}}],"line":127},"12":{"loc":{"start":{"line":130,"column":8},"end":{"line":197,"column":9}},"type":"if","locations":[{"start":{"line":130,"column":8},"end":{"line":197,"column":9}},{"start":{"line":130,"column":8},"end":{"line":197,"column":9}}],"line":130},"13":{"loc":{"start":{"line":160,"column":16},"end":{"line":162,"column":17}},"type":"if","locations":[{"start":{"line":160,"column":16},"end":{"line":162,"column":17}},{"start":{"line":160,"column":16},"end":{"line":162,"column":17}}],"line":160},"14":{"loc":{"start":{"line":171,"column":20},"end":{"line":173,"column":21}},"type":"if","locations":[{"start":{"line":171,"column":20},"end":{"line":173,"column":21}},{"start":{"line":171,"column":20},"end":{"line":173,"column":21}}],"line":171},"15":{"loc":{"start":{"line":174,"column":20},"end":{"line":176,"column":21}},"type":"if","locations":[{"start":{"line":174,"column":20},"end":{"line":176,"column":21}},{"start":{"line":174,"column":20},"end":{"line":176,"column":21}}],"line":174},"16":{"loc":{"start":{"line":180,"column":24},"end":{"line":182,"column":25}},"type":"if","locations":[{"start":{"line":180,"column":24},"end":{"line":182,"column":25}},{"start":{"line":180,"column":24},"end":{"line":182,"column":25}}],"line":180},"17":{"loc":{"start":{"line":183,"column":24},"end":{"line":185,"column":25}},"type":"if","locations":[{"start":{"line":183,"column":24},"end":{"line":185,"column":25}},{"start":{"line":183,"column":24},"end":{"line":185,"column":25}}],"line":183},"18":{"loc":{"start":{"line":188,"column":28},"end":{"line":190,"column":29}},"type":"if","locations":[{"start":{"line":188,"column":28},"end":{"line":190,"column":29}},{"start":{"line":188,"column":28},"end":{"line":190,"column":29}}],"line":188}},"s":{"0":1,"1":1,"2":1,"3":1,"4":0,"5":0,"6":0,"7":0,"8":0,"9":0,"10":0,"11":0,"12":0,"13":0,"14":0,"15":0,"16":0,"17":0,"18":0,"19":0,"20":0,"21":0,"22":0,"23":0,"24":0,"25":0,"26":0,"27":0,"28":0,"29":0,"30":0,"31":0,"32":0,"33":0,"34":0,"35":0,"36":0,"37":0,"38":0,"39":0,"40":0,"41":0,"42":0,"43":0,"44":0,"45":1,"46":0,"47":0,"48":0,"49":0,"50":0,"51":1,"52":0,"53":0,"54":0,"55":0,"56":0,"57":0,"58":0,"59":0,"60":0,"61":0,"62":0,"63":0,"64":0,"65":0,"66":0,"67":0,"68":0,"69":0,"70":0,"71":0,"72":0,"73":0,"74":0,"75":0,"76":0,"77":0,"78":0,"79":0,"80":0,"81":0,"82":0,"83":0,"84":0,"85":0,"86":0,"87":0,"88":0},"f":{"0":0,"1":0,"2":0,"3":0,"4":0,"5":0,"6":0,"7":0,"8":0,"9":0,"10":0,"11":0,"12":0,"13":0,"14":0,"15":0,"16":0,"17":0,"18":0,"19":0},"b":{"0":[0,0],"1":[0,0],"2":[0,0],"3":[0,0],"4":[0,0],"5":[0,0],"6":[0,0],"7":[0,0],"8":[0,0],"9":[0,0],"10":[0,0],"11":[0,0],"12":[0,0],"13":[0,0],"14":[0,0],"15":[0,0],"16":[0,0],"17":[0,0],"18":[0,0]},"_coverageSchema":"332fd63041d2c1bcb487cc26dd0d5f7d97098a6c","hash":"1c65f07c7bcd6283ae5d4885cd9ecb00fd400d53","contentHash":"d08800a3e8b2fb3d36490b0a821bb26f_10.3.2"},"/home/johngamboa/Classes/cse112/team2/lib/sms.js":{"path":"/home/johngamboa/Classes/cse112/team2/lib/sms.js","statementMap":{"0":{"start":{"line":1,"column":12},"end":{"line":1,"column":33}},"1":{"start":{"line":3,"column":10},"end":{"line":6,"column":2}},"2":{"start":{"line":8,"column":0},"end":{"line":22,"column":2}},"3":{"start":{"line":9,"column":4},"end":{"line":21,"column":7}},"4":{"start":{"line":15,"column":8},"end":{"line":15,"column":38}},"5":{"start":{"line":16,"column":8},"end":{"line":20,"column":9}},"6":{"start":{"line":17,"column":12},"end":{"line":17,"column":17}},"7":{"start":{"line":19,"column":12},"end":{"line":19,"column":92}}},"fnMap":{"0":{"name":"(anonymous_0)","decl":{"start":{"line":8,"column":19},"end":{"line":8,"column":20}},"loc":{"start":{"line":8,"column":44},"end":{"line":22,"column":1}},"line":8},"1":{"name":"(anonymous_1)","decl":{"start":{"line":14,"column":7},"end":{"line":14,"column":8}},"loc":{"start":{"line":14,"column":35},"end":{"line":21,"column":5}},"line":14}},"branchMap":{"0":{"loc":{"start":{"line":16,"column":8},"end":{"line":20,"column":9}},"type":"if","locations":[{"start":{"line":16,"column":8},"end":{"line":20,"column":9}},{"start":{"line":16,"column":8},"end":{"line":20,"column":9}}],"line":16},"1":{"loc":{"start":{"line":16,"column":12},"end":{"line":16,"column":41}},"type":"binary-expr","locations":[{"start":{"line":16,"column":12},"end":{"line":16,"column":25}},{"start":{"line":16,"column":29},"end":{"line":16,"column":41}}],"line":16}},"s":{"0":1,"1":1,"2":1,"3":0,"4":0,"5":0,"6":0,"7":0},"f":{"0":0,"1":0},"b":{"0":[0,0],"1":[0,0]},"_coverageSchema":"332fd63041d2c1bcb487cc26dd0d5f7d97098a6c","hash":"8a4431ec581908ae89ea73f2fec1066237424af0","contentHash":"f760684d10eae095e5f1c8772ef2cdcc_10.3.2"},"/home/johngamboa/Classes/cse112/team2/routes/webapp/checkin/sign.js":{"path":"/home/johngamboa/Classes/cse112/team2/routes/webapp/checkin/sign.js","statementMap":{"0":{"start":{"line":1,"column":12},"end":{"line":1,"column":46}},"1":{"start":{"line":3,"column":0},"end":{"line":17,"column":2}},"2":{"start":{"line":4,"column":19},"end":{"line":4,"column":39}},"3":{"start":{"line":7,"column":4},"end":{"line":16,"column":7}},"4":{"start":{"line":19,"column":0},"end":{"line":48,"column":2}},"5":{"start":{"line":20,"column":14},"end":{"line":20,"column":33}},"6":{"start":{"line":21,"column":4},"end":{"line":47,"column":5}},"7":{"start":{"line":22,"column":23},"end":{"line":22,"column":43}},"8":{"start":{"line":24,"column":8},"end":{"line":34,"column":11}},"9":{"start":{"line":37,"column":8},"end":{"line":46,"column":11}},"10":{"start":{"line":42,"column":12},"end":{"line":44,"column":13}},"11":{"start":{"line":43,"column":16},"end":{"line":43,"column":33}},"12":{"start":{"line":45,"column":12},"end":{"line":45,"column":33}}},"fnMap":{"0":{"name":"(anonymous_0)","decl":{"start":{"line":3,"column":14},"end":{"line":3,"column":15}},"loc":{"start":{"line":3,"column":39},"end":{"line":17,"column":1}},"line":3},"1":{"name":"(anonymous_1)","decl":{"start":{"line":19,"column":15},"end":{"line":19,"column":16}},"loc":{"start":{"line":19,"column":41},"end":{"line":48,"column":1}},"line":19},"2":{"name":"(anonymous_2)","decl":{"start":{"line":41,"column":11},"end":{"line":41,"column":12}},"loc":{"start":{"line":41,"column":26},"end":{"line":46,"column":9}},"line":41}},"branchMap":{"0":{"loc":{"start":{"line":21,"column":4},"end":{"line":47,"column":5}},"type":"if","locations":[{"start":{"line":21,"column":4},"end":{"line":47,"column":5}},{"start":{"line":21,"column":4},"end":{"line":47,"column":5}}],"line":21},"1":{"loc":{"start":{"line":42,"column":12},"end":{"line":44,"column":13}},"type":"if","locations":[{"start":{"line":42,"column":12},"end":{"line":44,"column":13}},{"start":{"line":42,"column":12},"end":{"line":44,"column":13}}],"line":42}},"s":{"0":1,"1":1,"2":0,"3":0,"4":1,"5":0,"6":0,"7":0,"8":0,"9":0,"10":0,"11":0,"12":0},"f":{"0":0,"1":0,"2":0},"b":{"0":[0,0],"1":[0,0]},"_coverageSchema":"332fd63041d2c1bcb487cc26dd0d5f7d97098a6c","hash":"2add526d806d411555960467205fb1344f9d69a1","contentHash":"fc4c073b41579b8085b1a26963a968c6_10.3.2"},"/home/johngamboa/Classes/cse112/team2/routes/webapp/checkin/done.js":{"path":"/home/johngamboa/Classes/cse112/team2/routes/webapp/checkin/done.js","statementMap":{"0":{"start":{"line":1,"column":12},"end":{"line":1,"column":46}},"1":{"start":{"line":2,"column":14},"end":{"line":2,"column":32}},"2":{"start":{"line":4,"column":0},"end":{"line":32,"column":2}},"3":{"start":{"line":5,"column":19},"end":{"line":5,"column":39}},"4":{"start":{"line":7,"column":23},"end":{"line":14,"column":5}},"5":{"start":{"line":16,"column":4},"end":{"line":20,"column":7}},"6":{"start":{"line":17,"column":8},"end":{"line":19,"column":9}},"7":{"start":{"line":18,"column":12},"end":{"line":18,"column":33}},"8":{"start":{"line":22,"column":4},"end":{"line":31,"column":7}}},"fnMap":{"0":{"name":"(anonymous_0)","decl":{"start":{"line":4,"column":14},"end":{"line":4,"column":15}},"loc":{"start":{"line":4,"column":40},"end":{"line":32,"column":1}},"line":4},"1":{"name":"(anonymous_1)","decl":{"start":{"line":16,"column":26},"end":{"line":16,"column":27}},"loc":{"start":{"line":16,"column":59},"end":{"line":20,"column":5}},"line":16}},"branchMap":{"0":{"loc":{"start":{"line":17,"column":8},"end":{"line":19,"column":9}},"type":"if","locations":[{"start":{"line":17,"column":8},"end":{"line":19,"column":9}},{"start":{"line":17,"column":8},"end":{"line":19,"column":9}}],"line":17},"1":{"loc":{"start":{"line":17,"column":11},"end":{"line":17,"column":47}},"type":"binary-expr","locations":[{"start":{"line":17,"column":11},"end":{"line":17,"column":17}},{"start":{"line":17,"column":21},"end":{"line":17,"column":47}}],"line":17}},"s":{"0":1,"1":1,"2":1,"3":0,"4":0,"5":0,"6":0,"7":0,"8":0},"f":{"0":0,"1":0},"b":{"0":[0,0],"1":[0,0]},"_coverageSchema":"332fd63041d2c1bcb487cc26dd0d5f7d97098a6c","hash":"33283eeacd523788785f5de8c1d4aeb8a5046b66","contentHash":"59af707dab2dffd9e100b20aaa483659_10.3.2"}}