{"/home/cory/Documents/cs112/team2/gulpfile.js":{"path":"/home/cory/Documents/cs112/team2/gulpfile.js","s":{"1":1,"2":1,"3":1,"4":1,"5":1,"6":1,"7":1,"8":1,"9":1,"10":0,"11":0,"12":1,"13":0,"14":1,"15":0,"16":1,"17":0,"18":1,"19":0,"20":1,"21":0,"22":1,"23":0,"24":0,"25":1,"26":0,"27":0,"28":1,"29":0,"30":0,"31":0,"32":0,"33":0,"34":0,"35":1,"36":0,"37":1,"38":0,"39":1,"40":0,"41":1,"42":1,"43":1,"44":0,"45":1,"46":0,"47":0,"48":0,"49":0,"50":0,"51":0,"52":0,"53":0,"54":0,"55":0,"56":0,"57":0,"58":0,"59":0,"60":0,"61":0,"62":1,"63":0,"64":0,"65":0,"66":0,"67":1,"68":0,"69":0,"70":0,"71":0,"72":1,"73":0,"74":0,"75":0,"76":0,"77":1,"78":1,"79":0,"80":1,"81":1,"82":0,"83":0,"84":0,"85":1,"86":1,"87":0,"88":0,"89":1},"b":{"1":[0,0],"2":[0,0]},"f":{"1":0,"2":0,"3":0,"4":0,"5":0,"6":0,"7":0,"8":0,"9":0,"10":0,"11":0,"12":0,"13":0,"14":0,"15":0,"16":0,"17":0,"18":0,"19":0,"20":0,"21":0,"22":0,"23":0,"24":0,"25":0,"26":0,"27":0,"28":0,"29":0,"30":0,"31":0,"32":0,"33":0,"34":0},"fnMap":{"1":{"name":"execute","line":37,"loc":{"start":{"line":37,"column":0},"end":{"line":37,"column":36}}},"2":{"name":"(anonymous_2)","line":38,"loc":{"start":{"line":38,"column":18},"end":{"line":38,"column":49}}},"3":{"name":"(anonymous_3)","line":56,"loc":{"start":{"line":56,"column":18},"end":{"line":56,"column":34}}},"4":{"name":"(anonymous_4)","line":62,"loc":{"start":{"line":62,"column":19},"end":{"line":62,"column":31}}},"5":{"name":"(anonymous_5)","line":67,"loc":{"start":{"line":67,"column":18},"end":{"line":67,"column":29}}},"6":{"name":"(anonymous_6)","line":73,"loc":{"start":{"line":73,"column":20},"end":{"line":73,"column":31}}},"7":{"name":"(anonymous_7)","line":84,"loc":{"start":{"line":84,"column":38},"end":{"line":84,"column":49}}},"8":{"name":"(anonymous_8)","line":91,"loc":{"start":{"line":91,"column":22},"end":{"line":91,"column":33}}},"9":{"name":"(anonymous_9)","line":94,"loc":{"start":{"line":94,"column":25},"end":{"line":94,"column":41}}},"10":{"name":"(anonymous_10)","line":100,"loc":{"start":{"line":100,"column":33},"end":{"line":100,"column":44}}},"11":{"name":"(anonymous_11)","line":103,"loc":{"start":{"line":103,"column":25},"end":{"line":103,"column":41}}},"12":{"name":"(anonymous_12)","line":114,"loc":{"start":{"line":114,"column":31},"end":{"line":114,"column":45}}},"13":{"name":"onStart","line":127,"loc":{"start":{"line":127,"column":17},"end":{"line":127,"column":36}}},"14":{"name":"onRestart","line":132,"loc":{"start":{"line":132,"column":19},"end":{"line":132,"column":40}}},"15":{"name":"(anonymous_15)","line":160,"loc":{"start":{"line":160,"column":72},"end":{"line":160,"column":84}}},"16":{"name":"(anonymous_16)","line":184,"loc":{"start":{"line":184,"column":23},"end":{"line":184,"column":34}}},"17":{"name":"(anonymous_17)","line":192,"loc":{"start":{"line":192,"column":26},"end":{"line":192,"column":37}}},"18":{"name":"(anonymous_18)","line":208,"loc":{"start":{"line":208,"column":18},"end":{"line":208,"column":34}}},"19":{"name":"(anonymous_19)","line":219,"loc":{"start":{"line":219,"column":29},"end":{"line":219,"column":39}}},"20":{"name":"(anonymous_20)","line":220,"loc":{"start":{"line":220,"column":45},"end":{"line":220,"column":57}}},"21":{"name":"(anonymous_21)","line":231,"loc":{"start":{"line":231,"column":41},"end":{"line":231,"column":52}}},"22":{"name":"(anonymous_22)","line":235,"loc":{"start":{"line":235,"column":32},"end":{"line":235,"column":43}}},"23":{"name":"(anonymous_23)","line":242,"loc":{"start":{"line":242,"column":38},"end":{"line":242,"column":49}}},"24":{"name":"(anonymous_24)","line":243,"loc":{"start":{"line":243,"column":47},"end":{"line":243,"column":57}}},"25":{"name":"(anonymous_25)","line":249,"loc":{"start":{"line":249,"column":40},"end":{"line":249,"column":51}}},"26":{"name":"(anonymous_26)","line":259,"loc":{"start":{"line":259,"column":34},"end":{"line":259,"column":53}}},"27":{"name":"(anonymous_27)","line":282,"loc":{"start":{"line":282,"column":13},"end":{"line":282,"column":24}}},"28":{"name":"(anonymous_28)","line":296,"loc":{"start":{"line":296,"column":32},"end":{"line":296,"column":51}}},"29":{"name":"(anonymous_29)","line":308,"loc":{"start":{"line":308,"column":13},"end":{"line":308,"column":24}}},"30":{"name":"(anonymous_30)","line":316,"loc":{"start":{"line":316,"column":23},"end":{"line":316,"column":42}}},"31":{"name":"(anonymous_31)","line":328,"loc":{"start":{"line":328,"column":13},"end":{"line":328,"column":24}}},"32":{"name":"(anonymous_32)","line":339,"loc":{"start":{"line":339,"column":20},"end":{"line":339,"column":30}}},"33":{"name":"(anonymous_33)","line":349,"loc":{"start":{"line":349,"column":23},"end":{"line":349,"column":35}}},"34":{"name":"(anonymous_34)","line":367,"loc":{"start":{"line":367,"column":24},"end":{"line":367,"column":34}}}},"statementMap":{"1":{"start":{"line":2,"column":0},"end":{"line":2,"column":27}},"2":{"start":{"line":3,"column":0},"end":{"line":3,"column":45}},"3":{"start":{"line":9,"column":0},"end":{"line":9,"column":37}},"4":{"start":{"line":10,"column":0},"end":{"line":10,"column":37}},"5":{"start":{"line":11,"column":0},"end":{"line":11,"column":42}},"6":{"start":{"line":12,"column":0},"end":{"line":12,"column":41}},"7":{"start":{"line":14,"column":0},"end":{"line":20,"column":3}},"8":{"start":{"line":35,"column":0},"end":{"line":35,"column":41}},"9":{"start":{"line":37,"column":0},"end":{"line":39,"column":1}},"10":{"start":{"line":38,"column":4},"end":{"line":38,"column":70}},"11":{"start":{"line":38,"column":50},"end":{"line":38,"column":67}},"12":{"start":{"line":56,"column":0},"end":{"line":60,"column":3}},"13":{"start":{"line":57,"column":2},"end":{"line":59,"column":19}},"14":{"start":{"line":62,"column":0},"end":{"line":65,"column":3}},"15":{"start":{"line":63,"column":2},"end":{"line":64,"column":27}},"16":{"start":{"line":67,"column":0},"end":{"line":71,"column":3}},"17":{"start":{"line":68,"column":2},"end":{"line":70,"column":53}},"18":{"start":{"line":73,"column":0},"end":{"line":81,"column":3}},"19":{"start":{"line":74,"column":2},"end":{"line":80,"column":35}},"20":{"start":{"line":84,"column":0},"end":{"line":89,"column":4}},"21":{"start":{"line":85,"column":2},"end":{"line":88,"column":53}},"22":{"start":{"line":91,"column":0},"end":{"line":98,"column":3}},"23":{"start":{"line":92,"column":2},"end":{"line":97,"column":35}},"24":{"start":{"line":95,"column":8},"end":{"line":95,"column":32}},"25":{"start":{"line":100,"column":0},"end":{"line":111,"column":3}},"26":{"start":{"line":101,"column":2},"end":{"line":106,"column":36}},"27":{"start":{"line":104,"column":8},"end":{"line":104,"column":32}},"28":{"start":{"line":114,"column":0},"end":{"line":137,"column":3}},"29":{"start":{"line":115,"column":2},"end":{"line":115,"column":21}},"30":{"start":{"line":116,"column":2},"end":{"line":136,"column":7}},"31":{"start":{"line":129,"column":6},"end":{"line":129,"column":28}},"32":{"start":{"line":129,"column":21},"end":{"line":129,"column":26}},"33":{"start":{"line":130,"column":6},"end":{"line":130,"column":20}},"34":{"start":{"line":133,"column":6},"end":{"line":135,"column":9}},"35":{"start":{"line":160,"column":0},"end":{"line":181,"column":3}},"36":{"start":{"line":163,"column":2},"end":{"line":180,"column":5}},"37":{"start":{"line":184,"column":0},"end":{"line":189,"column":3}},"38":{"start":{"line":185,"column":2},"end":{"line":188,"column":5}},"39":{"start":{"line":192,"column":0},"end":{"line":198,"column":3}},"40":{"start":{"line":193,"column":2},"end":{"line":197,"column":5}},"41":{"start":{"line":202,"column":0},"end":{"line":202,"column":39}},"42":{"start":{"line":204,"column":0},"end":{"line":204,"column":36}},"43":{"start":{"line":208,"column":0},"end":{"line":213,"column":3}},"44":{"start":{"line":209,"column":2},"end":{"line":212,"column":11}},"45":{"start":{"line":219,"column":0},"end":{"line":256,"column":3}},"46":{"start":{"line":220,"column":4},"end":{"line":255,"column":7}},"47":{"start":{"line":221,"column":8},"end":{"line":221,"column":55}},"48":{"start":{"line":222,"column":8},"end":{"line":222,"column":18}},"49":{"start":{"line":223,"column":8},"end":{"line":254,"column":20}},"50":{"start":{"line":232,"column":28},"end":{"line":232,"column":65}},"51":{"start":{"line":233,"column":28},"end":{"line":233,"column":44}},"52":{"start":{"line":236,"column":28},"end":{"line":236,"column":55}},"53":{"start":{"line":237,"column":28},"end":{"line":239,"column":29}},"54":{"start":{"line":238,"column":32},"end":{"line":238,"column":40}},"55":{"start":{"line":240,"column":28},"end":{"line":240,"column":37}},"56":{"start":{"line":243,"column":28},"end":{"line":246,"column":37}},"57":{"start":{"line":244,"column":28},"end":{"line":244,"column":156}},"58":{"start":{"line":245,"column":28},"end":{"line":245,"column":44}},"59":{"start":{"line":247,"column":28},"end":{"line":247,"column":38}},"60":{"start":{"line":250,"column":28},"end":{"line":250,"column":48}},"61":{"start":{"line":251,"column":28},"end":{"line":251,"column":38}},"62":{"start":{"line":259,"column":0},"end":{"line":287,"column":3}},"63":{"start":{"line":261,"column":2},"end":{"line":280,"column":4}},"64":{"start":{"line":282,"column":2},"end":{"line":284,"column":4}},"65":{"start":{"line":283,"column":4},"end":{"line":283,"column":40}},"66":{"start":{"line":286,"column":2},"end":{"line":286,"column":49}},"67":{"start":{"line":296,"column":0},"end":{"line":313,"column":3}},"68":{"start":{"line":297,"column":2},"end":{"line":306,"column":4}},"69":{"start":{"line":308,"column":2},"end":{"line":310,"column":4}},"70":{"start":{"line":309,"column":4},"end":{"line":309,"column":46}},"71":{"start":{"line":312,"column":2},"end":{"line":312,"column":49}},"72":{"start":{"line":316,"column":0},"end":{"line":334,"column":3}},"73":{"start":{"line":317,"column":2},"end":{"line":326,"column":4}},"74":{"start":{"line":328,"column":2},"end":{"line":330,"column":4}},"75":{"start":{"line":329,"column":4},"end":{"line":329,"column":45}},"76":{"start":{"line":332,"column":0},"end":{"line":332,"column":47}},"77":{"start":{"line":336,"column":0},"end":{"line":337,"column":36}},"78":{"start":{"line":339,"column":0},"end":{"line":344,"column":3}},"79":{"start":{"line":340,"column":10},"end":{"line":343,"column":13}},"80":{"start":{"line":347,"column":0},"end":{"line":347,"column":38}},"81":{"start":{"line":349,"column":0},"end":{"line":362,"column":3}},"82":{"start":{"line":350,"column":4},"end":{"line":350,"column":33}},"83":{"start":{"line":357,"column":4},"end":{"line":359,"column":6}},"84":{"start":{"line":360,"column":4},"end":{"line":361,"column":39}},"85":{"start":{"line":364,"column":0},"end":{"line":364,"column":32}},"86":{"start":{"line":367,"column":0},"end":{"line":373,"column":3}},"87":{"start":{"line":368,"column":2},"end":{"line":370,"column":4}},"88":{"start":{"line":371,"column":2},"end":{"line":372,"column":35}},"89":{"start":{"line":374,"column":0},"end":{"line":374,"column":61}}},"branchMap":{"1":{"line":129,"type":"if","locations":[{"start":{"line":129,"column":6},"end":{"line":129,"column":6}},{"start":{"line":129,"column":6},"end":{"line":129,"column":6}}]},"2":{"line":237,"type":"if","locations":[{"start":{"line":237,"column":28},"end":{"line":237,"column":28}},{"start":{"line":237,"column":28},"end":{"line":237,"column":28}}]}}}}