TN:
SF:/home/johngamboa/Classes/cse112/team2/app.js
FN:32,(anonymous_0)
FN:37,(anonymous_1)
FN:38,(anonymous_2)
FN:67,(anonymous_3)
FN:75,(anonymous_4)
FN:78,(anonymous_5)
FN:98,(anonymous_6)
FN:105,(anonymous_7)
FN:120,(anonymous_8)
FN:131,(anonymous_9)
FN:144,(anonymous_10)
FNF:11
FNH:2
FNDA:0,(anonymous_0)
FNDA:0,(anonymous_1)
FNDA:0,(anonymous_2)
FNDA:0,(anonymous_3)
FNDA:0,(anonymous_4)
FNDA:0,(anonymous_5)
FNDA:2,(anonymous_6)
FNDA:2,(anonymous_7)
FNDA:0,(anonymous_8)
FNDA:0,(anonymous_9)
FNDA:0,(anonymous_10)
DA:1,1
DA:2,1
DA:3,1
DA:4,1
DA:5,1
DA:6,1
DA:7,1
DA:8,1
DA:9,1
DA:10,1
DA:11,1
DA:12,1
DA:15,1
DA:17,1
DA:18,1
DA:20,1
DA:22,1
DA:23,1
DA:24,1
DA:27,1
DA:28,1
DA:32,1
DA:33,0
DA:37,1
DA:38,0
DA:39,0
DA:41,0
DA:42,0
DA:47,1
DA:49,1
DA:52,1
DA:53,1
DA:54,1
DA:59,1
DA:60,1
DA:61,1
DA:62,1
DA:63,1
DA:65,1
DA:68,0
DA:69,0
DA:70,0
DA:72,0
DA:76,0
DA:79,0
DA:83,1
DA:84,1
DA:92,1
DA:93,1
DA:94,1
DA:95,1
DA:98,1
DA:99,2
DA:100,2
DA:101,2
DA:102,2
DA:105,1
DA:106,2
DA:107,2
DA:108,2
DA:110,2
DA:114,1
DA:115,1
DA:117,1
DA:120,1
DA:121,0
DA:122,0
DA:123,0
DA:130,1
DA:131,0
DA:132,0
DA:133,0
DA:134,0
DA:135,0
DA:144,1
DA:145,0
DA:146,0
DA:147,0
DA:148,0
DA:154,1
LF:80
LH:57
BRDA:22,0,0,1
BRDA:22,0,1,1
BRDA:39,1,0,0
BRDA:39,1,1,0
BRDA:41,2,0,0
BRDA:41,2,1,0
BRDA:69,3,0,0
BRDA:69,3,1,0
BRDA:69,4,0,0
BRDA:69,4,1,0
BRDA:69,4,2,0
BRDA:130,5,0,0
BRDA:130,5,1,1
BRDA:134,6,0,0
BRDA:134,6,1,0
BRDA:145,7,0,0
BRDA:145,7,1,0
BRF:17
BRH:3
end_of_record
TN:
SF:/home/johngamboa/Classes/cse112/team2/lib/auth.js
FN:3,(anonymous_0)
FN:13,(anonymous_1)
FN:25,isValidToken
FN:36,(anonymous_3)
FN:59,(anonymous_4)
FN:63,(anonymous_5)
FN:85,isAuthenticated
FN:86,(anonymous_7)
FNF:8
FNH:0
FNDA:0,(anonymous_0)
FNDA:0,(anonymous_1)
FNDA:0,isValidToken
FNDA:0,(anonymous_3)
FNDA:0,(anonymous_4)
FNDA:0,(anonymous_5)
FNDA:0,isAuthenticated
FNDA:0,(anonymous_7)
DA:1,1
DA:2,1
DA:3,1
DA:4,0
DA:13,1
DA:14,0
DA:26,0
DA:27,0
DA:30,0
DA:31,0
DA:34,0
DA:36,0
DA:37,0
DA:38,0
DA:39,0
DA:42,0
DA:43,0
DA:46,0
DA:59,1
DA:61,0
DA:63,0
DA:64,0
DA:65,0
DA:67,0
DA:68,0
DA:71,0
DA:73,0
DA:86,0
DA:87,0
DA:88,0
DA:90,0
DA:91,0
DA:97,1
DA:98,1
LF:34
LH:7
BRDA:26,0,0,0
BRDA:26,0,1,0
BRDA:30,1,0,0
BRDA:30,1,1,0
BRDA:30,2,0,0
BRDA:30,2,1,0
BRDA:37,3,0,0
BRDA:37,3,1,0
BRDA:42,4,0,0
BRDA:42,4,1,0
BRDA:64,5,0,0
BRDA:64,5,1,0
BRDA:67,6,0,0
BRDA:67,6,1,0
BRDA:67,7,0,0
BRDA:67,7,1,0
BRDA:87,8,0,0
BRDA:87,8,1,0
BRF:18
BRH:0
end_of_record
TN:
SF:/home/johngamboa/Classes/cse112/team2/lib/sms.js
FN:8,(anonymous_0)
FN:14,(anonymous_1)
FNF:2
FNH:0
FNDA:0,(anonymous_0)
FNDA:0,(anonymous_1)
DA:1,1
DA:3,1
DA:8,1
DA:9,0
DA:15,0
DA:16,0
DA:17,0
DA:19,0
LF:8
LH:3
BRDA:16,0,0,0
BRDA:16,0,1,0
BRDA:16,1,0,0
BRDA:16,1,1,0
BRF:4
BRH:0
end_of_record
TN:
SF:/home/johngamboa/Classes/cse112/team2/lib/style.js
FN:1,(anonymous_0)
FNF:1
FNH:1
FNDA:1,(anonymous_0)
DA:1,1
DA:2,1
LF:2
LH:2
BRF:0
BRH:0
end_of_record
TN:
SF:/home/johngamboa/Classes/cse112/team2/routes/webapp/business/accountsettings.js
FN:14,(anonymous_0)
FN:22,(anonymous_1)
FN:44,(anonymous_2)
FN:70,(anonymous_3)
FN:79,(anonymous_4)
FN:131,(anonymous_5)
FN:154,(anonymous_6)
FN:175,(anonymous_7)
FN:187,(anonymous_8)
FN:220,(anonymous_9)
FN:235,(anonymous_10)
FN:244,(anonymous_11)
FN:252,(anonymous_12)
FN:259,(anonymous_13)
FN:272,(anonymous_14)
FN:278,(anonymous_15)
FN:308,render
FN:316,(anonymous_17)
FN:322,(anonymous_18)
FNF:19
FNH:0
FNDA:0,(anonymous_0)
FNDA:0,(anonymous_1)
FNDA:0,(anonymous_2)
FNDA:0,(anonymous_3)
FNDA:0,(anonymous_4)
FNDA:0,(anonymous_5)
FNDA:0,(anonymous_6)
FNDA:0,(anonymous_7)
FNDA:0,(anonymous_8)
FNDA:0,(anonymous_9)
FNDA:0,(anonymous_10)
FNDA:0,(anonymous_11)
FNDA:0,(anonymous_12)
FNDA:0,(anonymous_13)
FNDA:0,(anonymous_14)
FNDA:0,(anonymous_15)
FNDA:0,render
FNDA:0,(anonymous_17)
FNDA:0,(anonymous_18)
DA:1,1
DA:2,1
DA:3,1
DA:4,1
DA:6,1
DA:14,1
DA:15,0
DA:16,0
DA:17,0
DA:18,0
DA:19,0
DA:21,0
DA:23,0
DA:24,0
DA:27,0
DA:44,1
DA:47,0
DA:48,0
DA:49,0
DA:51,0
DA:52,0
DA:53,0
DA:54,0
DA:55,0
DA:56,0
DA:57,0
DA:58,0
DA:60,0
DA:62,0
DA:63,0
DA:64,0
DA:67,0
DA:70,0
DA:71,0
DA:72,0
DA:73,0
DA:76,0
DA:79,0
DA:80,0
DA:81,0
DA:84,0
DA:87,0
DA:94,0
DA:99,0
DA:101,0
DA:102,0
DA:103,0
DA:104,0
DA:106,0
DA:109,0
DA:111,0
DA:114,0
DA:115,0
DA:118,0
DA:119,0
DA:120,0
DA:121,0
DA:122,0
DA:124,0
DA:127,0
DA:131,0
DA:133,0
DA:136,0
DA:139,0
DA:143,0
DA:145,0
DA:147,0
DA:151,0
DA:154,0
DA:156,0
DA:158,0
DA:164,0
DA:166,0
DA:168,0
DA:172,0
DA:175,0
DA:177,0
DA:179,0
DA:187,1
DA:190,0
DA:191,0
DA:192,0
DA:194,0
DA:195,0
DA:198,0
DA:201,0
DA:203,0
DA:204,0
DA:205,0
DA:206,0
DA:208,0
DA:211,0
DA:213,0
DA:216,0
DA:217,0
DA:220,0
DA:222,0
DA:225,0
DA:228,0
DA:235,1
DA:237,0
DA:238,0
DA:239,0
DA:241,0
DA:243,0
DA:246,0
DA:247,0
DA:251,0
DA:253,0
DA:260,0
DA:261,0
DA:264,0
DA:273,0
DA:277,0
DA:279,0
DA:280,0
DA:283,0
DA:285,0
DA:290,0
DA:309,0
DA:310,0
DA:311,0
DA:312,0
DA:313,0
DA:315,0
DA:317,0
DA:318,0
DA:322,0
DA:323,0
DA:324,0
DA:325,0
DA:326,0
DA:327,0
DA:328,0
DA:329,0
DA:332,0
DA:351,0
DA:353,0
DA:354,0
DA:358,0
DA:364,0
LF:141
LH:9
BRDA:23,0,0,0
BRDA:23,0,1,0
BRDA:60,1,0,0
BRDA:60,1,1,0
BRDA:63,2,0,0
BRDA:63,2,1,0
BRDA:72,3,0,0
BRDA:72,3,1,0
BRDA:80,4,0,0
BRDA:80,4,1,0
BRDA:94,5,0,0
BRDA:94,5,1,0
BRDA:94,6,0,0
BRDA:94,6,1,0
BRDA:94,6,2,0
BRDA:101,7,0,0
BRDA:101,7,1,0
BRDA:103,8,0,0
BRDA:103,8,1,0
BRDA:114,9,0,0
BRDA:114,9,1,0
BRDA:118,10,0,0
BRDA:118,10,1,0
BRDA:120,11,0,0
BRDA:120,11,1,0
BRDA:133,12,0,0
BRDA:133,12,1,0
BRDA:143,13,0,0
BRDA:143,13,1,0
BRDA:145,14,0,0
BRDA:145,14,1,0
BRDA:156,15,0,0
BRDA:156,15,1,0
BRDA:164,16,0,0
BRDA:164,16,1,0
BRDA:166,17,0,0
BRDA:166,17,1,0
BRDA:177,18,0,0
BRDA:177,18,1,0
BRDA:198,19,0,0
BRDA:198,19,1,0
BRDA:198,20,0,0
BRDA:198,20,1,0
BRDA:203,21,0,0
BRDA:203,21,1,0
BRDA:205,22,0,0
BRDA:205,22,1,0
BRDA:216,23,0,0
BRDA:216,23,1,0
BRDA:222,24,0,0
BRDA:222,24,1,0
BRDA:241,25,0,0
BRDA:241,25,1,0
BRDA:246,26,0,0
BRDA:246,26,1,0
BRDA:260,27,0,0
BRDA:260,27,1,0
BRDA:279,28,0,0
BRDA:279,28,1,0
BRDA:283,29,0,0
BRDA:283,29,1,0
BRDA:317,30,0,0
BRDA:317,30,1,0
BRDA:328,31,0,0
BRDA:328,31,1,0
BRDA:345,32,0,0
BRDA:345,32,1,0
BRDA:346,33,0,0
BRDA:346,33,1,0
BRDA:353,34,0,0
BRDA:353,34,1,0
BRF:71
BRH:0
end_of_record
TN:
SF:/home/johngamboa/Classes/cse112/team2/routes/webapp/business/addemployees.js
FN:14,(anonymous_0)
FN:22,(anonymous_1)
FN:26,(anonymous_2)
FN:34,(anonymous_3)
FN:37,(anonymous_4)
FN:55,(anonymous_5)
FN:79,(anonymous_6)
FN:93,(anonymous_7)
FN:113,(anonymous_8)
FN:165,randomToken
FNF:10
FNH:0
FNDA:0,(anonymous_0)
FNDA:0,(anonymous_1)
FNDA:0,(anonymous_2)
FNDA:0,(anonymous_3)
FNDA:0,(anonymous_4)
FNDA:0,(anonymous_5)
FNDA:0,(anonymous_6)
FNDA:0,(anonymous_7)
FNDA:0,(anonymous_8)
FNDA:0,randomToken
DA:1,1
DA:2,1
DA:3,1
DA:5,1
DA:6,1
DA:14,1
DA:15,0
DA:16,0
DA:19,0
DA:21,0
DA:23,0
DA:27,0
DA:28,0
DA:30,0
DA:31,0
DA:35,0
DA:39,0
DA:40,0
DA:41,0
DA:43,0
DA:44,0
DA:47,0
DA:50,0
DA:57,0
DA:58,0
DA:61,0
DA:79,1
DA:81,0
DA:82,0
DA:83,0
DA:84,0
DA:85,0
DA:86,0
DA:88,0
DA:90,0
DA:93,0
DA:94,0
DA:95,0
DA:106,0
DA:108,0
DA:114,0
DA:115,0
DA:119,0
DA:166,0
LF:44
LH:7
BRDA:27,0,0,0
BRDA:27,0,1,0
BRDA:28,1,0,0
BRDA:28,1,1,0
BRDA:39,2,0,0
BRDA:39,2,1,0
BRDA:43,3,0,0
BRDA:43,3,1,0
BRDA:57,4,0,0
BRDA:57,4,1,0
BRDA:114,5,0,0
BRDA:114,5,1,0
BRF:12
BRH:0
end_of_record
TN:
SF:/home/johngamboa/Classes/cse112/team2/routes/webapp/business/businesssetting.js
FN:3,(anonymous_0)
FN:13,(anonymous_1)
FNF:2
FNH:0
FNDA:0,(anonymous_0)
FNDA:0,(anonymous_1)
DA:1,1
DA:3,1
DA:4,0
DA:5,0
DA:6,0
DA:8,0
DA:9,0
DA:10,0
DA:11,0
DA:12,0
DA:13,0
DA:14,0
DA:15,0
DA:17,0
DA:18,0
DA:20,0
DA:22,0
DA:23,0
DA:25,0
DA:26,0
DA:27,0
DA:34,0
DA:35,0
DA:38,0
DA:39,0
DA:46,0
DA:47,0
DA:48,0
DA:55,0
DA:56,0
DA:57,0
DA:58,0
DA:69,0
DA:70,0
DA:71,0
DA:72,0
DA:73,0
DA:78,0
DA:79,0
DA:80,0
DA:81,0
DA:88,0
DA:89,0
DA:90,0
DA:91,0
DA:99,0
DA:100,0
DA:101,0
DA:102,0
LF:49
LH:2
BRDA:14,0,0,0
BRDA:14,0,1,0
BRDA:20,1,0,0
BRDA:20,1,1,0
BRDA:20,2,0,0
BRDA:20,2,1,0
BRDA:22,3,0,0
BRDA:22,3,1,0
BRDA:22,4,0,0
BRDA:22,4,1,0
BRDA:35,5,0,0
BRDA:35,5,1,0
BRDA:69,6,0,0
BRDA:69,6,1,0
BRDA:69,7,0,0
BRDA:69,7,1,0
BRDA:69,7,2,0
BRDA:71,8,0,0
BRDA:71,8,1,0
BRDA:71,9,0,0
BRDA:71,9,1,0
BRF:21
BRH:0
end_of_record
TN:
SF:/home/johngamboa/Classes/cse112/team2/routes/webapp/business/dashboard.js
FN:4,(anonymous_0)
FN:40,(anonymous_1)
FN:41,(anonymous_2)
FN:49,(anonymous_3)
FN:61,(anonymous_4)
FN:75,renderDashboard
FN:83,formatDate
FNF:7
FNH:0
FNDA:0,(anonymous_0)
FNDA:0,(anonymous_1)
FNDA:0,(anonymous_2)
FNDA:0,(anonymous_3)
FNDA:0,(anonymous_4)
FNDA:0,renderDashboard
FNDA:0,formatDate
DA:1,1
DA:2,1
DA:4,1
DA:6,0
DA:7,0
DA:8,0
DA:9,0
DA:11,0
DA:12,0
DA:20,0
DA:21,0
DA:32,0
DA:33,0
DA:34,0
DA:36,0
DA:38,0
DA:41,0
DA:42,0
DA:45,0
DA:46,0
DA:48,0
DA:49,0
DA:50,0
DA:53,0
DA:54,0
DA:55,0
DA:56,0
DA:58,0
DA:62,0
DA:63,0
DA:64,0
DA:65,0
DA:66,0
DA:71,0
DA:76,0
DA:84,0
DA:85,0
DA:86,0
DA:87,0
DA:88,0
DA:90,0
LF:41
LH:3
BRDA:11,0,0,0
BRDA:11,0,1,0
BRDA:20,1,0,0
BRDA:20,1,1,0
BRDA:48,2,0,0
BRDA:48,2,1,0
BRDA:65,3,0,0
BRDA:65,3,1,0
BRDA:85,4,0,0
BRDA:85,4,1,0
BRDA:86,5,0,0
BRDA:86,5,1,0
BRDA:87,6,0,0
BRDA:87,6,1,0
BRF:14
BRH:0
end_of_record
TN:
SF:/home/johngamboa/Classes/cse112/team2/routes/webapp/business/employeeregister.js
FN:1,(anonymous_0)
FNF:1
FNH:0
FNDA:0,(anonymous_0)
DA:1,1
DA:2,0
LF:2
LH:1
BRF:0
BRH:0
end_of_record
TN:
SF:/home/johngamboa/Classes/cse112/team2/routes/webapp/business/forms.js
FN:21,(anonymous_0)
FNF:1
FNH:0
FNDA:0,(anonymous_0)
DA:1,1
DA:2,1
DA:3,1
DA:5,1
DA:6,1
DA:21,1
DA:23,0
DA:24,0
DA:25,0
DA:26,0
DA:27,0
DA:28,0
DA:31,0
LF:13
LH:6
BRF:0
BRH:0
end_of_record
TN:
SF:/home/johngamboa/Classes/cse112/team2/routes/webapp/business/index.js
FN:18,(anonymous_0)
FN:57,isLoggedIn
FN:65,isLoggedInBusiness
FNF:3
FNH:1
FNDA:1,(anonymous_0)
FNDA:0,isLoggedIn
FNDA:0,isLoggedInBusiness
DA:3,1
DA:4,1
DA:7,1
DA:8,1
DA:9,1
DA:10,1
DA:11,1
DA:12,1
DA:13,1
DA:14,1
DA:15,1
DA:16,1
DA:18,1
DA:20,1
DA:21,1
DA:23,1
DA:24,1
DA:30,1
DA:31,1
DA:33,1
DA:34,1
DA:35,1
DA:37,1
DA:39,1
DA:40,1
DA:41,1
DA:46,1
DA:48,1
DA:49,1
DA:51,1
DA:52,1
DA:58,0
DA:59,0
DA:61,0
DA:67,0
DA:68,0
DA:70,0
DA:72,0
DA:75,1
LF:39
LH:32
BRDA:58,0,0,0
BRDA:58,0,1,0
BRDA:67,1,0,0
BRDA:67,1,1,0
BRDA:67,2,0,0
BRDA:67,2,1,0
BRF:6
BRH:0
end_of_record
TN:
SF:/home/johngamboa/Classes/cse112/team2/routes/webapp/business/landing.js
FN:1,(anonymous_0)
FN:5,(anonymous_1)
FN:19,(anonymous_2)
FN:29,(anonymous_3)
FNF:4
FNH:0
FNDA:0,(anonymous_0)
FNDA:0,(anonymous_1)
FNDA:0,(anonymous_2)
FNDA:0,(anonymous_3)
DA:1,1
DA:3,0
DA:5,0
DA:7,0
DA:9,0
DA:13,0
DA:19,1
DA:20,0
DA:22,0
DA:24,0
DA:27,0
DA:29,0
DA:31,0
DA:33,0
DA:36,0
LF:15
LH:2
BRDA:7,0,0,0
BRDA:7,0,1,0
BRDA:22,1,0,0
BRDA:22,1,1,0
BRDA:31,2,0,0
BRDA:31,2,1,0
BRF:6
BRH:0
end_of_record
TN:
SF:/home/johngamboa/Classes/cse112/team2/routes/webapp/business/login.js
FN:2,(anonymous_0)
FNF:1
FNH:1
FNDA:1,(anonymous_0)
DA:2,1
DA:3,1
DA:4,1
LF:3
LH:3
BRF:0
BRH:0
end_of_record
TN:
SF:/home/johngamboa/Classes/cse112/team2/routes/webapp/business/register.js
FN:2,(anonymous_0)
FNF:1
FNH:1
FNDA:1,(anonymous_0)
DA:2,1
DA:3,1
LF:2
LH:2
BRF:0
BRH:0
end_of_record
TN:
SF:/home/johngamboa/Classes/cse112/team2/routes/webapp/business/scheduleappointment.js
FN:1,(anonymous_0)
FN:4,(anonymous_1)
FN:15,(anonymous_2)
FNF:3
FNH:0
FNDA:0,(anonymous_0)
FNDA:0,(anonymous_1)
FNDA:0,(anonymous_2)
DA:1,1
DA:2,0
DA:4,0
DA:5,0
DA:15,1
DA:16,0
DA:17,0
DA:18,0
DA:20,0
DA:22,0
DA:33,0
LF:11
LH:2
BRF:0
BRH:0
end_of_record
TN:
SF:/home/johngamboa/Classes/cse112/team2/routes/webapp/checkin/apptinfo.js
FN:3,(anonymous_0)
FN:8,(anonymous_1)
FNF:2
FNH:0
FNDA:0,(anonymous_0)
FNDA:0,(anonymous_1)
DA:1,1
DA:3,1
DA:4,0
DA:5,0
DA:6,0
DA:8,0
DA:9,0
DA:10,0
DA:12,0
DA:13,0
DA:16,0
LF:11
LH:2
BRDA:9,0,0,0
BRDA:9,0,1,0
BRDA:12,1,0,0
BRDA:12,1,1,0
BRF:4
BRH:0
end_of_record
TN:
SF:/home/johngamboa/Classes/cse112/team2/routes/webapp/checkin/checkin.js
FN:21,(anonymous_0)
FN:52,(anonymous_1)
FN:75,(anonymous_2)
FN:88,(anonymous_3)
FN:117,(anonymous_4)
FN:132,(anonymous_5)
FN:145,(anonymous_6)
FN:152,formatDate
FNF:8
FNH:0
FNDA:0,(anonymous_0)
FNDA:0,(anonymous_1)
FNDA:0,(anonymous_2)
FNDA:0,(anonymous_3)
FNDA:0,(anonymous_4)
FNDA:0,(anonymous_5)
FNDA:0,(anonymous_6)
FNDA:0,formatDate
DA:16,1
DA:17,1
DA:19,1
DA:21,1
DA:23,0
DA:40,0
DA:52,1
DA:53,0
DA:54,0
DA:56,0
DA:60,0
DA:61,0
DA:62,0
DA:64,0
DA:66,0
DA:67,0
DA:68,0
DA:70,0
DA:79,0
DA:88,0
DA:89,0
DA:90,0
DA:94,0
DA:95,0
DA:109,0
DA:112,0
DA:113,0
DA:115,0
DA:116,0
DA:117,0
DA:118,0
DA:119,0
DA:122,0
DA:129,0
DA:133,0
DA:134,0
DA:137,0
DA:140,0
DA:146,0
DA:147,0
DA:153,0
DA:154,0
DA:155,0
DA:156,0
DA:157,0
DA:159,0
LF:46
LH:5
BRDA:89,0,0,0
BRDA:89,0,1,0
BRDA:89,1,0,0
BRDA:89,1,1,0
BRDA:94,2,0,0
BRDA:94,2,1,0
BRDA:118,3,0,0
BRDA:118,3,1,0
BRDA:146,4,0,0
BRDA:146,4,1,0
BRDA:154,5,0,0
BRDA:154,5,1,0
BRDA:156,6,0,0
BRDA:156,6,1,0
BRF:14
BRH:0
end_of_record
TN:
SF:/home/johngamboa/Classes/cse112/team2/routes/webapp/checkin/customform.js
FN:7,makeDropdown
FN:9,(anonymous_1)
FN:16,makeTextfield
FN:20,makeFormGroup
FN:38,makeSubmitButton
FN:55,makeForm
FN:60,(anonymous_6)
FN:67,(anonymous_7)
FN:77,(anonymous_8)
FN:90,(anonymous_9)
FN:92,(anonymous_10)
FN:109,(anonymous_11)
FN:115,(anonymous_12)
FN:124,(anonymous_13)
FN:131,(anonymous_14)
FN:151,(anonymous_15)
FN:159,(anonymous_16)
FN:170,(anonymous_17)
FN:179,(anonymous_18)
FN:187,(anonymous_19)
FNF:20
FNH:0
FNDA:0,makeDropdown
FNDA:0,(anonymous_1)
FNDA:0,makeTextfield
FNDA:0,makeFormGroup
FNDA:0,makeSubmitButton
FNDA:0,makeForm
FNDA:0,(anonymous_6)
FNDA:0,(anonymous_7)
FNDA:0,(anonymous_8)
FNDA:0,(anonymous_9)
FNDA:0,(anonymous_10)
FNDA:0,(anonymous_11)
FNDA:0,(anonymous_12)
FNDA:0,(anonymous_13)
FNDA:0,(anonymous_14)
FNDA:0,(anonymous_15)
FNDA:0,(anonymous_16)
FNDA:0,(anonymous_17)
FNDA:0,(anonymous_18)
FNDA:0,(anonymous_19)
DA:1,1
DA:2,1
DA:3,1
DA:4,1
DA:8,0
DA:9,0
DA:10,0
DA:12,0
DA:13,0
DA:17,0
DA:21,0
DA:23,0
DA:24,0
DA:26,0
DA:27,0
DA:28,0
DA:29,0
DA:30,0
DA:32,0
DA:34,0
DA:35,0
DA:39,0
DA:40,0
DA:41,0
DA:42,0
DA:43,0
DA:45,0
DA:56,0
DA:57,0
DA:60,0
DA:61,0
DA:62,0
DA:64,0
DA:65,0
DA:67,0
DA:68,0
DA:69,0
DA:71,0
DA:72,0
DA:75,0
DA:77,0
DA:78,0
DA:81,0
DA:83,0
DA:85,0
DA:90,1
DA:91,0
DA:92,0
DA:93,0
DA:94,0
DA:96,0
DA:109,1
DA:110,0
DA:111,0
DA:113,0
DA:115,0
DA:116,0
DA:117,0
DA:119,0
DA:120,0
DA:124,0
DA:125,0
DA:127,0
DA:130,0
DA:131,0
DA:132,0
DA:145,0
DA:146,0
DA:151,0
DA:152,0
DA:153,0
DA:159,0
DA:160,0
DA:161,0
DA:165,0
DA:166,0
DA:171,0
DA:172,0
DA:174,0
DA:175,0
DA:179,0
DA:180,0
DA:181,0
DA:183,0
DA:184,0
DA:187,0
DA:188,0
DA:189,0
DA:192,0
LF:89
LH:6
BRDA:10,0,0,0
BRDA:10,0,1,0
BRDA:17,1,0,0
BRDA:17,1,1,0
BRDA:27,2,0,0
BRDA:27,2,1,0
BRDA:29,3,0,0
BRDA:29,3,1,0
BRDA:61,4,0,0
BRDA:61,4,1,0
BRDA:64,5,0,0
BRDA:64,5,1,0
BRDA:68,6,0,0
BRDA:68,6,1,0
BRDA:71,7,0,0
BRDA:71,7,1,0
BRDA:93,8,0,0
BRDA:93,8,1,0
BRDA:116,9,0,0
BRDA:116,9,1,0
BRDA:119,10,0,0
BRDA:119,10,1,0
BRDA:127,11,0,0
BRDA:127,11,1,0
BRDA:130,12,0,0
BRDA:130,12,1,0
BRDA:160,13,0,0
BRDA:160,13,1,0
BRDA:171,14,0,0
BRDA:171,14,1,0
BRDA:174,15,0,0
BRDA:174,15,1,0
BRDA:180,16,0,0
BRDA:180,16,1,0
BRDA:183,17,0,0
BRDA:183,17,1,0
BRDA:188,18,0,0
BRDA:188,18,1,0
BRF:38
BRH:0
end_of_record
TN:
SF:/home/johngamboa/Classes/cse112/team2/routes/webapp/checkin/done.js
FN:4,(anonymous_0)
FN:16,(anonymous_1)
FNF:2
FNH:0
FNDA:0,(anonymous_0)
FNDA:0,(anonymous_1)
DA:1,1
DA:2,1
DA:4,1
DA:5,0
DA:7,0
DA:16,0
DA:17,0
DA:18,0
DA:22,0
LF:9
LH:3
BRDA:17,0,0,0
BRDA:17,0,1,0
BRDA:17,1,0,0
BRDA:17,1,1,0
BRF:4
BRH:0
end_of_record
TN:
SF:/home/johngamboa/Classes/cse112/team2/routes/webapp/checkin/index.js
FN:34,updateBusiness
FN:37,(anonymous_1)
FN:42,(anonymous_2)
FN:52,(anonymous_3)
FN:56,(anonymous_4)
FN:61,(anonymous_5)
FN:71,(anonymous_6)
FN:76,(anonymous_7)
FNF:8
FNH:0
FNDA:0,updateBusiness
FNDA:0,(anonymous_1)
FNDA:0,(anonymous_2)
FNDA:0,(anonymous_3)
FNDA:0,(anonymous_4)
FNDA:0,(anonymous_5)
FNDA:0,(anonymous_6)
FNDA:0,(anonymous_7)
DA:1,1
DA:2,1
DA:5,1
DA:6,1
DA:7,1
DA:8,1
DA:9,1
DA:10,1
DA:13,1
DA:14,1
DA:19,1
DA:21,1
DA:22,1
DA:24,1
DA:25,1
DA:27,1
DA:29,1
DA:36,0
DA:37,0
DA:38,0
DA:39,0
DA:41,0
DA:42,0
DA:43,0
DA:44,0
DA:46,0
DA:49,0
DA:52,0
DA:53,0
DA:54,0
DA:56,0
DA:57,0
DA:58,0
DA:60,0
DA:61,0
DA:62,0
DA:63,0
DA:65,0
DA:71,0
DA:72,0
DA:73,0
DA:75,0
DA:76,0
DA:77,0
DA:78,0
DA:80,0
LF:46
LH:17
BRDA:36,0,0,0
BRDA:36,0,1,0
BRDA:38,1,0,0
BRDA:38,1,1,0
BRDA:43,2,0,0
BRDA:43,2,1,0
BRDA:49,3,0,0
BRDA:49,3,1,0
BRDA:53,4,0,0
BRDA:53,4,1,0
BRDA:57,5,0,0
BRDA:57,5,1,0
BRDA:62,6,0,0
BRDA:62,6,1,0
BRDA:72,7,0,0
BRDA:72,7,1,0
BRDA:77,8,0,0
BRDA:77,8,1,0
BRF:18
BRH:0
end_of_record
TN:
SF:/home/johngamboa/Classes/cse112/team2/routes/webapp/checkin/nocode.js
FN:5,(anonymous_0)
FN:19,(anonymous_1)
FN:183,(anonymous_2)
FN:203,(anonymous_3)
FN:214,(anonymous_4)
FNF:5
FNH:0
FNDA:0,(anonymous_0)
FNDA:0,(anonymous_1)
FNDA:0,(anonymous_2)
FNDA:0,(anonymous_3)
FNDA:0,(anonymous_4)
DA:1,1
DA:2,1
DA:5,1
DA:6,0
DA:7,0
DA:19,1
DA:20,0
DA:22,0
DA:23,0
DA:25,0
DA:26,0
DA:27,0
DA:29,0
DA:31,0
DA:32,0
DA:33,0
DA:34,0
DA:35,0
DA:37,0
DA:38,0
DA:49,0
DA:52,0
DA:53,0
DA:55,0
DA:56,0
DA:67,0
DA:70,0
DA:71,0
DA:72,0
DA:74,0
DA:75,0
DA:86,0
DA:89,0
DA:91,0
DA:93,0
DA:104,0
DA:107,0
DA:108,0
DA:110,0
DA:121,0
DA:124,0
DA:126,0
DA:137,0
DA:139,0
DA:141,0
DA:144,0
DA:145,0
DA:147,0
DA:158,0
DA:161,0
DA:163,0
DA:174,0
DA:176,0
DA:178,0
DA:181,0
DA:183,0
DA:184,0
DA:185,0
DA:186,0
DA:197,0
DA:200,0
DA:201,0
DA:202,0
DA:203,0
DA:204,0
DA:205,0
DA:207,0
DA:210,0
DA:215,0
DA:216,0
LF:70
LH:4
BRDA:37,0,0,0
BRDA:37,0,1,0
BRDA:37,1,0,0
BRDA:37,1,1,0
BRDA:55,2,0,0
BRDA:55,2,1,0
BRDA:55,3,0,0
BRDA:55,3,1,0
BRDA:74,4,0,0
BRDA:74,4,1,0
BRDA:74,5,0,0
BRDA:74,5,1,0
BRDA:91,6,0,0
BRDA:91,6,1,0
BRDA:124,7,0,0
BRDA:124,7,1,0
BRDA:124,8,0,0
BRDA:124,8,1,0
BRDA:139,9,0,0
BRDA:139,9,1,0
BRDA:139,10,0,0
BRDA:139,10,1,0
BRDA:161,11,0,0
BRDA:161,11,1,0
BRDA:161,12,0,0
BRDA:161,12,1,0
BRDA:176,13,0,0
BRDA:176,13,1,0
BRDA:176,14,0,0
BRDA:176,14,1,0
BRDA:185,15,0,0
BRDA:185,15,1,0
BRDA:204,16,0,0
BRDA:204,16,1,0
BRDA:215,17,0,0
BRDA:215,17,1,0
BRF:36
BRH:0
end_of_record
TN:
SF:/home/johngamboa/Classes/cse112/team2/routes/webapp/checkin/sign.js
FN:3,(anonymous_0)
FN:19,(anonymous_1)
FN:41,(anonymous_2)
FNF:3
FNH:0
FNDA:0,(anonymous_0)
FNDA:0,(anonymous_1)
FNDA:0,(anonymous_2)
DA:1,1
DA:3,1
DA:4,0
DA:7,0
DA:19,1
DA:20,0
DA:21,0
DA:22,0
DA:24,0
DA:37,0
DA:42,0
DA:43,0
DA:45,0
LF:13
LH:3
BRDA:21,0,0,0
BRDA:21,0,1,0
BRDA:42,1,0,0
BRDA:42,1,1,0
BRF:4
BRH:0
end_of_record
