TN:
SF:/home/cory/Documents/cs112/team2/gulpfile.js
FN:37,execute
FN:38,(anonymous_2)
FN:56,(anonymous_3)
FN:62,(anonymous_4)
FN:67,(anonymous_5)
FN:73,(anonymous_6)
FN:84,(anonymous_7)
FN:91,(anonymous_8)
FN:94,(anonymous_9)
FN:100,(anonymous_10)
FN:103,(anonymous_11)
FN:114,(anonymous_12)
FN:127,onStart
FN:132,onRestart
FN:160,(anonymous_15)
FN:184,(anonymous_16)
FN:192,(anonymous_17)
FN:208,(anonymous_18)
FN:219,(anonymous_19)
FN:220,(anonymous_20)
FN:231,(anonymous_21)
FN:235,(anonymous_22)
FN:242,(anonymous_23)
FN:243,(anonymous_24)
FN:249,(anonymous_25)
FN:259,(anonymous_26)
FN:282,(anonymous_27)
FN:296,(anonymous_28)
FN:308,(anonymous_29)
FN:316,(anonymous_30)
FN:328,(anonymous_31)
FN:339,(anonymous_32)
FN:349,(anonymous_33)
FN:367,(anonymous_34)
FNF:34
FNH:0
FNDA:0,execute
FNDA:0,(anonymous_2)
FNDA:0,(anonymous_3)
FNDA:0,(anonymous_4)
FNDA:0,(anonymous_5)
FNDA:0,(anonymous_6)
FNDA:0,(anonymous_7)
FNDA:0,(anonymous_8)
FNDA:0,(anonymous_9)
FNDA:0,(anonymous_10)
FNDA:0,(anonymous_11)
FNDA:0,(anonymous_12)
FNDA:0,onStart
FNDA:0,onRestart
FNDA:0,(anonymous_15)
FNDA:0,(anonymous_16)
FNDA:0,(anonymous_17)
FNDA:0,(anonymous_18)
FNDA:0,(anonymous_19)
FNDA:0,(anonymous_20)
FNDA:0,(anonymous_21)
FNDA:0,(anonymous_22)
FNDA:0,(anonymous_23)
FNDA:0,(anonymous_24)
FNDA:0,(anonymous_25)
FNDA:0,(anonymous_26)
FNDA:0,(anonymous_27)
FNDA:0,(anonymous_28)
FNDA:0,(anonymous_29)
FNDA:0,(anonymous_30)
FNDA:0,(anonymous_31)
FNDA:0,(anonymous_32)
FNDA:0,(anonymous_33)
FNDA:0,(anonymous_34)
DA:2,1
DA:3,1
DA:9,1
DA:10,1
DA:11,1
DA:12,1
DA:14,1
DA:35,1
DA:37,1
DA:38,0
DA:56,1
DA:57,0
DA:62,1
DA:63,0
DA:67,1
DA:68,0
DA:73,1
DA:74,0
DA:84,1
DA:85,0
DA:91,1
DA:92,0
DA:95,0
DA:100,1
DA:101,0
DA:104,0
DA:114,1
DA:115,0
DA:116,0
DA:129,0
DA:130,0
DA:133,0
DA:160,1
DA:163,0
DA:184,1
DA:185,0
DA:192,1
DA:193,0
DA:202,1
DA:204,1
DA:208,1
DA:209,0
DA:219,1
DA:220,0
DA:221,0
DA:222,0
DA:223,0
DA:232,0
DA:233,0
DA:236,0
DA:237,0
DA:238,0
DA:240,0
DA:243,0
DA:244,0
DA:245,0
DA:247,0
DA:250,0
DA:251,0
DA:259,1
DA:261,0
DA:282,0
DA:283,0
DA:286,0
DA:296,1
DA:297,0
DA:308,0
DA:309,0
DA:312,0
DA:316,1
DA:317,0
DA:328,0
DA:329,0
DA:332,0
DA:336,1
DA:339,1
DA:340,0
DA:347,1
DA:349,1
DA:350,0
DA:357,0
DA:360,0
DA:364,1
DA:367,1
DA:368,0
DA:371,0
DA:374,1
LF:87
LH:34
BRDA:129,1,0,0
BRDA:129,1,1,0
BRDA:237,2,0,0
BRDA:237,2,1,0
BRF:4
BRH:0
end_of_record
